Started GET "/api/v1/auth/me" for 127.0.0.1 at 2026-01-01 16:18:50 +0100
  [1m[35m (4.3ms)[0m  [1m[35mCREATE TABLE "schema_migrations" ("version" varchar NOT NULL PRIMARY KEY)[0m
  [1m[35m (0.2ms)[0m  [1m[35mCREATE TABLE "ar_internal_metadata" ("key" varchar NOT NULL PRIMARY KEY, "value" varchar, "created_at" datetime(6) NOT NULL, "updated_at" datetime(6) NOT NULL)[0m
  [1m[36mActiveRecord::SchemaMigration Load (0.1ms)[0m  [1m[34mSELECT "schema_migrations"."version" FROM "schema_migrations" ORDER BY "schema_migrations"."version" ASC[0m
Processing by Api::V1::SessionsController#show as */*
[active_model_serializers] Rendered ActiveModel::Serializer::Null with Hash (0.13ms)
Completed 200 OK in 16ms (Views: 6.8ms | ActiveRecord: 0.0ms (0 queries, 0 cached) | GC: 3.4ms)


Started GET "/api/v1/auth/me" for 127.0.0.1 at 2026-01-01 16:19:18 +0100
Processing by Api::V1::SessionsController#show as */*
[active_model_serializers] Rendered ActiveModel::Serializer::Null with Hash (0.24ms)
Completed 200 OK in 7ms (Views: 4.8ms | ActiveRecord: 0.0ms (0 queries, 0 cached) | GC: 5.0ms)


Started GET "/api/v1/auth/me" for 127.0.0.1 at 2026-01-01 16:19:23 +0100
Processing by Api::V1::SessionsController#show as */*
[active_model_serializers] Rendered ActiveModel::Serializer::Null with Hash (0.05ms)
Completed 200 OK in 1ms (Views: 0.8ms | ActiveRecord: 0.0ms (0 queries, 0 cached) | GC: 0.0ms)


Started GET "/api/v1/auth/me" for 127.0.0.1 at 2026-01-01 16:20:00 +0100
Processing by Api::V1::SessionsController#show as */*
[JWT] Decoding token: eyJhbGciOiJ...
[JWT] Using secret: supe...
[active_model_serializers] Rendered ActiveModel::Serializer::Null with Hash (0.05ms)
Completed 200 OK in 10ms (Views: 3.6ms | ActiveRecord: 0.0ms (0 queries, 0 cached) | GC: 3.8ms)


Started GET "/api/v1/auth/me" for 127.0.0.1 at 2026-01-01 16:20:06 +0100
Processing by Api::V1::SessionsController#show as */*
[active_model_serializers] Rendered ActiveModel::Serializer::Null with Hash (0.06ms)
Completed 200 OK in 6ms (Views: 2.7ms | ActiveRecord: 0.0ms (0 queries, 0 cached) | GC: 0.0ms)


Started GET "/api/v1/auth/me" for 127.0.0.1 at 2026-01-01 16:20:17 +0100
Processing by Api::V1::SessionsController#show as */*
[active_model_serializers] Rendered ActiveModel::Serializer::Null with Hash (0.64ms)
Completed 200 OK in 4ms (Views: 2.2ms | ActiveRecord: 0.0ms (0 queries, 0 cached) | GC: 0.0ms)


Started POST "/api/v1/actions" for 127.0.0.1 at 2026-01-01 16:20:18 +0100
Processing by Api::V1::ActionsController#create as */*
  Parameters: {"action_type"=>"pathway_open", "gid"=>"RPL:PATH:scratch-intro", "metadata"=>{"slug"=>"RPL:scratch-intro", "lang"=>"de-DE"}}
[active_model_serializers] Rendered ActiveModel::Serializer::Null with Hash (0.03ms)
Completed 201 Created in 3ms (Views: 0.9ms | ActiveRecord: 0.0ms (0 queries, 0 cached) | GC: 0.0ms)


Started GET "/api/v1/auth/me" for 127.0.0.1 at 2026-01-01 16:20:31 +0100
Processing by Api::V1::SessionsController#show as */*
[active_model_serializers] Rendered ActiveModel::Serializer::Null with Hash (0.12ms)
Completed 200 OK in 2ms (Views: 1.2ms | ActiveRecord: 0.0ms (0 queries, 0 cached) | GC: 0.0ms)


Started POST "/api/v1/actions" for 127.0.0.1 at 2026-01-01 16:20:32 +0100
Processing by Api::V1::ActionsController#create as */*
  Parameters: {"action_type"=>"pathway_open", "gid"=>"RPL:PATH:scratch-intro", "metadata"=>{"slug"=>"RPL:scratch-intro", "lang"=>"de-DE"}}
[active_model_serializers] Rendered ActiveModel::Serializer::Null with Hash (0.25ms)
Completed 201 Created in 1ms (Views: 0.7ms | ActiveRecord: 0.0ms (0 queries, 0 cached) | GC: 0.0ms)


Started GET "/api/v1/auth/me" for 127.0.0.1 at 2026-01-01 16:20:38 +0100
Processing by Api::V1::SessionsController#show as */*
[active_model_serializers] Rendered ActiveModel::Serializer::Null with Hash (0.45ms)
Completed 200 OK in 5ms (Views: 3.6ms | ActiveRecord: 0.0ms (0 queries, 0 cached) | GC: 0.0ms)


Started POST "/api/v1/actions" for 127.0.0.1 at 2026-01-01 16:20:38 +0100
Processing by Api::V1::ActionsController#create as */*
  Parameters: {"action_type"=>"pathway_open", "gid"=>"RPL:PATH:scratch-intro", "metadata"=>{"slug"=>"RPL:scratch-intro", "lang"=>"de-DE"}}
[active_model_serializers] Rendered ActiveModel::Serializer::Null with Hash (0.03ms)
Completed 201 Created in 4ms (Views: 2.0ms | ActiveRecord: 0.0ms (0 queries, 0 cached) | GC: 0.0ms)


Started GET "/api/v1/auth/me" for 127.0.0.1 at 2026-01-01 16:21:27 +0100
Processing by Api::V1::SessionsController#show as */*
[active_model_serializers] Rendered ActiveModel::Serializer::Null with Hash (0.13ms)
Completed 200 OK in 2ms (Views: 1.6ms | ActiveRecord: 0.0ms (0 queries, 0 cached) | GC: 0.0ms)


Started GET "/api/v1/auth/me" for 127.0.0.1 at 2026-01-01 16:21:36 +0100
Processing by Api::V1::SessionsController#show as */*
[active_model_serializers] Rendered ActiveModel::Serializer::Null with Hash (0.03ms)
Completed 200 OK in 1ms (Views: 0.3ms | ActiveRecord: 0.0ms (0 queries, 0 cached) | GC: 0.0ms)


Started POST "/api/v1/actions" for 127.0.0.1 at 2026-01-01 16:21:43 +0100
Processing by Api::V1::ActionsController#create as */*
  Parameters: {"action_type"=>"pathway_open", "gid"=>"RPL:PATH:further-scratch", "metadata"=>{"slug"=>"RPL:further-scratch", "lang"=>"de-DE"}}
[active_model_serializers] Rendered ActiveModel::Serializer::Null with Hash (0.04ms)
Completed 201 Created in 2ms (Views: 1.0ms | ActiveRecord: 0.0ms (0 queries, 0 cached) | GC: 0.0ms)


Started GET "/api/v1/auth/me" for 127.0.0.1 at 2026-01-01 16:21:53 +0100
Processing by Api::V1::SessionsController#show as */*
[active_model_serializers] Rendered ActiveModel::Serializer::Null with Hash (0.59ms)
Completed 200 OK in 5ms (Views: 3.3ms | ActiveRecord: 0.0ms (0 queries, 0 cached) | GC: 0.0ms)


Started GET "/api/v1/auth/me" for 127.0.0.1 at 2026-01-01 16:22:02 +0100
Processing by Api::V1::SessionsController#show as */*
[active_model_serializers] Rendered ActiveModel::Serializer::Null with Hash (0.03ms)
Completed 200 OK in 3ms (Views: 1.1ms | ActiveRecord: 0.0ms (0 queries, 0 cached) | GC: 0.0ms)


Started GET "/api/v1/auth/me" for 127.0.0.1 at 2026-01-01 16:25:23 +0100
Processing by Api::V1::SessionsController#show as */*
[active_model_serializers] Rendered ActiveModel::Serializer::Null with Hash (0.04ms)
Completed 200 OK in 1ms (Views: 0.3ms | ActiveRecord: 0.0ms (0 queries, 0 cached) | GC: 0.0ms)


Started GET "/api/v1/auth/me" for 127.0.0.1 at 2026-01-01 16:25:23 +0100
Processing by Api::V1::SessionsController#show as */*
[active_model_serializers] Rendered ActiveModel::Serializer::Null with Hash (0.05ms)
Completed 200 OK in 1ms (Views: 0.5ms | ActiveRecord: 0.0ms (0 queries, 0 cached) | GC: 0.0ms)


Started GET "/api/v1/auth/me" for 127.0.0.1 at 2026-01-01 16:25:34 +0100
Processing by Api::V1::SessionsController#show as */*
[active_model_serializers] Rendered ActiveModel::Serializer::Null with Hash (0.03ms)
Completed 200 OK in 1ms (Views: 0.3ms | ActiveRecord: 0.0ms (0 queries, 0 cached) | GC: 0.0ms)


Started GET "/api/v1/auth/me" for 127.0.0.1 at 2026-01-01 16:25:34 +0100
Processing by Api::V1::SessionsController#show as */*
[active_model_serializers] Rendered ActiveModel::Serializer::Null with Hash (0.03ms)
Completed 200 OK in 1ms (Views: 0.7ms | ActiveRecord: 0.0ms (0 queries, 0 cached) | GC: 0.0ms)


Started GET "/api/v1/auth/me" for 127.0.0.1 at 2026-01-01 16:25:39 +0100
Processing by Api::V1::SessionsController#show as */*
[active_model_serializers] Rendered ActiveModel::Serializer::Null with Hash (0.03ms)
Completed 200 OK in 1ms (Views: 0.5ms | ActiveRecord: 0.0ms (0 queries, 0 cached) | GC: 0.0ms)


Started GET "/api/v1/auth/me" for 127.0.0.1 at 2026-01-01 16:25:39 +0100
Processing by Api::V1::SessionsController#show as */*
[active_model_serializers] Rendered ActiveModel::Serializer::Null with Hash (0.05ms)
Completed 200 OK in 1ms (Views: 0.3ms | ActiveRecord: 0.0ms (0 queries, 0 cached) | GC: 0.0ms)


Started GET "/api/v1/auth/me" for 127.0.0.1 at 2026-01-01 16:25:59 +0100
Processing by Api::V1::SessionsController#show as */*
[active_model_serializers] Rendered ActiveModel::Serializer::Null with Hash (0.46ms)
Completed 200 OK in 1ms (Views: 0.9ms | ActiveRecord: 0.0ms (0 queries, 0 cached) | GC: 0.0ms)


Started GET "/api/v1/auth/me" for 127.0.0.1 at 2026-01-01 16:26:00 +0100
Processing by Api::V1::SessionsController#show as */*
[active_model_serializers] Rendered ActiveModel::Serializer::Null with Hash (0.04ms)
Completed 200 OK in 1ms (Views: 0.3ms | ActiveRecord: 0.0ms (0 queries, 0 cached) | GC: 0.0ms)


Started GET "/api/v1/auth/me" for 127.0.0.1 at 2026-01-01 16:26:03 +0100
Processing by Api::V1::SessionsController#show as */*
[active_model_serializers] Rendered ActiveModel::Serializer::Null with Hash (8.17ms)
Completed 200 OK in 9ms (Views: 8.6ms | ActiveRecord: 0.0ms (0 queries, 0 cached) | GC: 9.1ms)


Started GET "/api/v1/auth/me" for 127.0.0.1 at 2026-01-01 16:26:03 +0100
Processing by Api::V1::SessionsController#show as */*
[active_model_serializers] Rendered ActiveModel::Serializer::Null with Hash (1.21ms)
Completed 200 OK in 2ms (Views: 1.5ms | ActiveRecord: 0.0ms (0 queries, 0 cached) | GC: 0.0ms)


Started GET "/api/v1/auth/me" for 127.0.0.1 at 2026-01-01 16:26:24 +0100
Processing by Api::V1::SessionsController#show as */*
[active_model_serializers] Rendered ActiveModel::Serializer::Null with Hash (0.03ms)
Completed 200 OK in 1ms (Views: 0.8ms | ActiveRecord: 0.0ms (0 queries, 0 cached) | GC: 0.0ms)


Started GET "/api/v1/auth/me" for 127.0.0.1 at 2026-01-01 16:26:24 +0100
Processing by Api::V1::SessionsController#show as */*
[active_model_serializers] Rendered ActiveModel::Serializer::Null with Hash (0.08ms)
Completed 200 OK in 2ms (Views: 1.3ms | ActiveRecord: 0.0ms (0 queries, 0 cached) | GC: 0.0ms)


Started GET "/api/v1/auth/me" for 127.0.0.1 at 2026-01-01 16:26:49 +0100
Processing by Api::V1::SessionsController#show as */*
[active_model_serializers] Rendered ActiveModel::Serializer::Null with Hash (0.07ms)
Completed 200 OK in 2ms (Views: 0.8ms | ActiveRecord: 0.0ms (0 queries, 0 cached) | GC: 0.0ms)


Started GET "/api/v1/auth/me" for 127.0.0.1 at 2026-01-01 16:26:49 +0100
Processing by Api::V1::SessionsController#show as */*
[active_model_serializers] Rendered ActiveModel::Serializer::Null with Hash (0.38ms)
Completed 200 OK in 33ms (Views: 17.7ms | ActiveRecord: 0.0ms (0 queries, 0 cached) | GC: 0.0ms)


Started GET "/api/v1/auth/me" for 127.0.0.1 at 2026-01-01 16:27:37 +0100
Processing by Api::V1::SessionsController#show as */*
[active_model_serializers] Rendered ActiveModel::Serializer::Null with Hash (0.03ms)
Completed 200 OK in 0ms (Views: 0.2ms | ActiveRecord: 0.0ms (0 queries, 0 cached) | GC: 0.0ms)


Started GET "/api/v1/auth/me" for 127.0.0.1 at 2026-01-01 16:27:37 +0100
Processing by Api::V1::SessionsController#show as */*
[active_model_serializers] Rendered ActiveModel::Serializer::Null with Hash (0.03ms)
Completed 200 OK in 0ms (Views: 0.3ms | ActiveRecord: 0.0ms (0 queries, 0 cached) | GC: 0.0ms)


Started GET "/api/v1/auth/me" for 127.0.0.1 at 2026-01-01 16:28:16 +0100
Processing by Api::V1::SessionsController#show as */*
[active_model_serializers] Rendered ActiveModel::Serializer::Null with Hash (0.02ms)
Completed 200 OK in 0ms (Views: 0.2ms | ActiveRecord: 0.0ms (0 queries, 0 cached) | GC: 0.0ms)


Started GET "/api/v1/auth/me" for 127.0.0.1 at 2026-01-01 16:31:46 +0100
Processing by Api::V1::SessionsController#show as */*
[active_model_serializers] Rendered ActiveModel::Serializer::Null with Hash (0.03ms)
Completed 200 OK in 1ms (Views: 0.2ms | ActiveRecord: 0.0ms (0 queries, 0 cached) | GC: 0.0ms)


Started GET "/api/v1/auth/me" for 127.0.0.1 at 2026-01-01 16:31:49 +0100
Processing by Api::V1::SessionsController#show as */*
[active_model_serializers] Rendered ActiveModel::Serializer::Null with Hash (0.04ms)
Completed 200 OK in 3ms (Views: 2.4ms | ActiveRecord: 0.0ms (0 queries, 0 cached) | GC: 0.0ms)


