Started GET "/?return_to=http%3A%2F%2Flocalhost%3A8081%2F%23%2Fde-DE%2Fpathways%2FRPL%3Ascratch-intro" for 127.0.0.1 at 2026-01-01 15:57:30 +0100
  [1m[35m (5.1ms)[0m  [1m[35mCREATE TABLE "schema_migrations" ("version" varchar NOT NULL PRIMARY KEY)[0m
  [1m[35m (0.1ms)[0m  [1m[35mCREATE TABLE "ar_internal_metadata" ("key" varchar NOT NULL PRIMARY KEY, "value" varchar, "created_at" datetime(6) NOT NULL, "updated_at" datetime(6) NOT NULL)[0m
  [1m[36mActiveRecord::SchemaMigration Load (0.2ms)[0m  [1m[34mSELECT "schema_migrations"."version" FROM "schema_migrations" ORDER BY "schema_migrations"."version" ASC[0m
Processing by SessionsController#index as HTML
  Parameters: {"return_to"=>"http://localhost:8081/#/de-DE/pathways/RPL:scratch-intro"}
  Rendering layout layouts/application.html.erb
  Rendering sessions/index.html.erb within layouts/application
  Rendered sessions/index.html.erb within layouts/application (Duration: 2.1ms | GC: 0.2ms)
  Rendered layout layouts/application.html.erb (Duration: 4.4ms | GC: 0.2ms)
Completed 500 Internal Server Error in 66ms (ActiveRecord: 0.0ms (0 queries, 0 cached) | GC: 6.9ms)


  
ActionView::Template::Error (undefined method `stringify_keys' for an instance of String):

Causes:
NoMethodError (undefined method `stringify_keys' for an instance of String)
     5:     <h2>Mentoren & Admins</h2>
     6:     <div class="tiles">
     7:       <% @admins.each do |id, user| %>
     8:         <%= button_to(id,
     9:               sessions_create_path(user_id: id, return_to: @return_to),
    10:               method: :post,
    11:               class: "tile admin-tile") do %>
  
app/views/sessions/index.html.erb:8
app/views/sessions/index.html.erb:7:in `each'
app/views/sessions/index.html.erb:7
Started GET "/favicon.ico" for 127.0.0.1 at 2026-01-01 15:57:30 +0100
  
ActionController::RoutingError (No route matches [GET] "/favicon.ico"):
  
Started GET "/?return_to=http%3A%2F%2Flocalhost%3A8080%2F" for 127.0.0.1 at 2026-01-01 16:10:49 +0100
Processing by SessionsController#index as HTML
  Parameters: {"return_to"=>"http://localhost:8080/"}
  Rendering layout layouts/application.html.erb
  Rendering sessions/index.html.erb within layouts/application
  Rendered sessions/index.html.erb within layouts/application (Duration: 0.3ms | GC: 0.0ms)
  Rendered layout layouts/application.html.erb (Duration: 1.2ms | GC: 0.0ms)
Completed 500 Internal Server Error in 3ms (ActiveRecord: 0.0ms (0 queries, 0 cached) | GC: 0.5ms)


  
ActionView::Template::Error (undefined method `stringify_keys' for an instance of String):

Causes:
NoMethodError (undefined method `stringify_keys' for an instance of String)
     5:     <h2>Mentoren & Admins</h2>
     6:     <div class="tiles">
     7:       <% @admins.each do |id, user| %>
     8:         <%= button_to(id,
     9:               sessions_create_path(user_id: id, return_to: @return_to),
    10:               method: :post,
    11:               class: "tile admin-tile") do %>
  
app/views/sessions/index.html.erb:8
app/views/sessions/index.html.erb:7:in `each'
app/views/sessions/index.html.erb:7
Started GET "/favicon.ico" for 127.0.0.1 at 2026-01-01 16:10:50 +0100
  
ActionController::RoutingError (No route matches [GET] "/favicon.ico"):
  
Started GET "/?return_to=http%3A%2F%2Flocalhost%3A5201%2F%23%2Fde-DE%2Fpathways%2FRPL%3Ascratch-intro" for 127.0.0.1 at 2026-01-01 16:15:37 +0100
  [1m[36mActiveRecord::SchemaMigration Load (0.8ms)[0m  [1m[34mSELECT "schema_migrations"."version" FROM "schema_migrations" ORDER BY "schema_migrations"."version" ASC[0m
Processing by SessionsController#index as HTML
  Parameters: {"return_to"=>"http://localhost:5201/#/de-DE/pathways/RPL:scratch-intro"}
  Rendering Views::Sessions::IndexView
  Rendered Views::Sessions::IndexView (Duration: 3.9ms | GC: 0.0ms)
Completed 200 OK in 43ms (Views: 9.0ms | ActiveRecord: 0.0ms (0 queries, 0 cached) | GC: 0.0ms)


Started POST "/sessions/create" for 127.0.0.1 at 2026-01-01 16:15:45 +0100
Processing by SessionsController#create as HTML
  Parameters: {"authenticity_token"=>"[FILTERED]", "user_id"=>"student_a", "return_to"=>"http://localhost:5201/#/de-DE/pathways/RPL:scratch-intro"}
Redirected to http://localhost:5201/#/de-DE/pathways/RPL:scratch-intro?token=eyJhbGciOiJIUzI1NiJ9.eyJ1c2VyX2lkIjoic3R1ZGVudF9hIiwibmFtZSI6IkFsaWNlIiwiYWRtaW4iOmZhbHNlLCJleHAiOjE3NjczNjY5NDV9.eyI02wpJpUYH6qovh3xuTPvf7A7xgqyleJlQfj_FRKo
Completed 302 Found in 28ms (ActiveRecord: 0.0ms (0 queries, 0 cached) | GC: 0.0ms)


Started GET "/?return_to=http%3A%2F%2Flocalhost%3A5201%2F%23%2Fde-DE%2Fprojects" for 127.0.0.1 at 2026-01-01 16:15:59 +0100
Processing by SessionsController#index as HTML
  Parameters: {"return_to"=>"http://localhost:5201/#/de-DE/projects"}
  Rendering Views::Sessions::IndexView
  Rendered Views::Sessions::IndexView (Duration: 2.4ms | GC: 0.0ms)
Completed 200 OK in 5ms (Views: 2.8ms | ActiveRecord: 0.0ms (0 queries, 0 cached) | GC: 0.0ms)


Started POST "/sessions/create" for 127.0.0.1 at 2026-01-01 16:16:01 +0100
Processing by SessionsController#create as HTML
  Parameters: {"authenticity_token"=>"[FILTERED]", "user_id"=>"mentor_1", "return_to"=>"http://localhost:5201/#/de-DE/projects"}
Redirected to http://localhost:5201/#/de-DE/projects?token=eyJhbGciOiJIUzI1NiJ9.eyJ1c2VyX2lkIjoibWVudG9yXzEiLCJuYW1lIjoiTWVudG9yIChUaG9tYXMpIiwiYWRtaW4iOnRydWUsImV4cCI6MTc2NzM2Njk2MX0.hlFAiB6YamnPcFoEIIfY3FHSjsVnuFsnzqRQ_GEh6sI
Completed 302 Found in 11ms (ActiveRecord: 0.0ms (0 queries, 0 cached) | GC: 10.0ms)


Started GET "/?return_to=http%3A%2F%2Flocalhost%3A5201%2F%23%2Fde-DE%2Fprojects%3Ftoken%3DeyJhbGciOiJIUzI1NiJ9.eyJ1c2VyX2lkIjoibWVudG9yXzEiLCJuYW1lIjoiTWVudG9yIChUaG9tYXMpIiwiYWRtaW4iOnRydWUsImV4cCI6MTc2NzM2Njk2MX0.hlFAiB6YamnPcFoEIIfY3FHSjsVnuFsnzqRQ_GEh6sI" for 127.0.0.1 at 2026-01-01 16:16:03 +0100
Processing by SessionsController#index as HTML
  Parameters: {"return_to"=>"http://localhost:5201/#/de-DE/projects?token=eyJhbGciOiJIUzI1NiJ9.eyJ1c2VyX2lkIjoibWVudG9yXzEiLCJuYW1lIjoiTWVudG9yIChUaG9tYXMpIiwiYWRtaW4iOnRydWUsImV4cCI6MTc2NzM2Njk2MX0.hlFAiB6YamnPcFoEIIfY3FHSjsVnuFsnzqRQ_GEh6sI"}
  Rendering Views::Sessions::IndexView
  Rendered Views::Sessions::IndexView (Duration: 3.3ms | GC: 0.0ms)
Completed 200 OK in 6ms (Views: 3.8ms | ActiveRecord: 0.0ms (0 queries, 0 cached) | GC: 0.0ms)


Started POST "/sessions/create" for 127.0.0.1 at 2026-01-01 16:16:05 +0100
Processing by SessionsController#create as HTML
  Parameters: {"authenticity_token"=>"[FILTERED]", "user_id"=>"mentor_1", "return_to"=>"http://localhost:5201/#/de-DE/projects?token=eyJhbGciOiJIUzI1NiJ9.eyJ1c2VyX2lkIjoibWVudG9yXzEiLCJuYW1lIjoiTWVudG9yIChUaG9tYXMpIiwiYWRtaW4iOnRydWUsImV4cCI6MTc2NzM2Njk2MX0.hlFAiB6YamnPcFoEIIfY3FHSjsVnuFsnzqRQ_GEh6sI"}
Redirected to http://localhost:5201/#/de-DE/projects?token=eyJhbGciOiJIUzI1NiJ9.eyJ1c2VyX2lkIjoibWVudG9yXzEiLCJuYW1lIjoiTWVudG9yIChUaG9tYXMpIiwiYWRtaW4iOnRydWUsImV4cCI6MTc2NzM2Njk2MX0.hlFAiB6YamnPcFoEIIfY3FHSjsVnuFsnzqRQ_GEh6sI?token=eyJhbGciOiJIUzI1NiJ9.eyJ1c2VyX2lkIjoibWVudG9yXzEiLCJuYW1lIjoiTWVudG9yIChUaG9tYXMpIiwiYWRtaW4iOnRydWUsImV4cCI6MTc2NzM2Njk2NX0._fB8Q-j4PJhH9dL1N3v53ljQGORA8RVlkNWY1VqWbfc
Completed 302 Found in 8ms (ActiveRecord: 0.0ms (0 queries, 0 cached) | GC: 1.9ms)


Started GET "/?return_to=http%3A%2F%2Flocalhost%3A5201%2F%23%2Fde-DE%2Fprojects%3Ftoken%3DeyJhbGciOiJIUzI1NiJ9.eyJ1c2VyX2lkIjoibWVudG9yXzEiLCJuYW1lIjoiTWVudG9yIChUaG9tYXMpIiwiYWRtaW4iOnRydWUsImV4cCI6MTc2NzM2Njk2MX0.hlFAiB6YamnPcFoEIIfY3FHSjsVnuFsnzqRQ_GEh6sI%3Ftoken%3DeyJhbGciOiJIUzI1NiJ9.eyJ1c2VyX2lkIjoibWVudG9yXzEiLCJuYW1lIjoiTWVudG9yIChUaG9tYXMpIiwiYWRtaW4iOnRydWUsImV4cCI6MTc2NzM2Njk2NX0._fB8Q-j4PJhH9dL1N3v53ljQGORA8RVlkNWY1VqWbfc" for 127.0.0.1 at 2026-01-01 16:16:14 +0100
Processing by SessionsController#index as HTML
  Parameters: {"return_to"=>"http://localhost:5201/#/de-DE/projects?token=eyJhbGciOiJIUzI1NiJ9.eyJ1c2VyX2lkIjoibWVudG9yXzEiLCJuYW1lIjoiTWVudG9yIChUaG9tYXMpIiwiYWRtaW4iOnRydWUsImV4cCI6MTc2NzM2Njk2MX0.hlFAiB6YamnPcFoEIIfY3FHSjsVnuFsnzqRQ_GEh6sI?token=eyJhbGciOiJIUzI1NiJ9.eyJ1c2VyX2lkIjoibWVudG9yXzEiLCJuYW1lIjoiTWVudG9yIChUaG9tYXMpIiwiYWRtaW4iOnRydWUsImV4cCI6MTc2NzM2Njk2NX0._fB8Q-j4PJhH9dL1N3v53ljQGORA8RVlkNWY1VqWbfc"}
  Rendering Views::Sessions::IndexView
  Rendered Views::Sessions::IndexView (Duration: 1.9ms | GC: 0.0ms)
Completed 200 OK in 4ms (Views: 2.3ms | ActiveRecord: 0.0ms (0 queries, 0 cached) | GC: 0.0ms)


Started POST "/sessions/create" for 127.0.0.1 at 2026-01-01 16:16:15 +0100
Processing by SessionsController#create as HTML
  Parameters: {"authenticity_token"=>"[FILTERED]", "user_id"=>"mentor_1", "return_to"=>"http://localhost:5201/#/de-DE/projects?token=eyJhbGciOiJIUzI1NiJ9.eyJ1c2VyX2lkIjoibWVudG9yXzEiLCJuYW1lIjoiTWVudG9yIChUaG9tYXMpIiwiYWRtaW4iOnRydWUsImV4cCI6MTc2NzM2Njk2MX0.hlFAiB6YamnPcFoEIIfY3FHSjsVnuFsnzqRQ_GEh6sI?token=eyJhbGciOiJIUzI1NiJ9.eyJ1c2VyX2lkIjoibWVudG9yXzEiLCJuYW1lIjoiTWVudG9yIChUaG9tYXMpIiwiYWRtaW4iOnRydWUsImV4cCI6MTc2NzM2Njk2NX0._fB8Q-j4PJhH9dL1N3v53ljQGORA8RVlkNWY1VqWbfc"}
Redirected to http://localhost:5201/#/de-DE/projects?token=eyJhbGciOiJIUzI1NiJ9.eyJ1c2VyX2lkIjoibWVudG9yXzEiLCJuYW1lIjoiTWVudG9yIChUaG9tYXMpIiwiYWRtaW4iOnRydWUsImV4cCI6MTc2NzM2Njk2MX0.hlFAiB6YamnPcFoEIIfY3FHSjsVnuFsnzqRQ_GEh6sI?token=eyJhbGciOiJIUzI1NiJ9.eyJ1c2VyX2lkIjoibWVudG9yXzEiLCJuYW1lIjoiTWVudG9yIChUaG9tYXMpIiwiYWRtaW4iOnRydWUsImV4cCI6MTc2NzM2Njk2NX0._fB8Q-j4PJhH9dL1N3v53ljQGORA8RVlkNWY1VqWbfc?token=eyJhbGciOiJIUzI1NiJ9.eyJ1c2VyX2lkIjoibWVudG9yXzEiLCJuYW1lIjoiTWVudG9yIChUaG9tYXMpIiwiYWRtaW4iOnRydWUsImV4cCI6MTc2NzM2Njk3NX0.w2uvvpRds16ZFj6nJS6eFMFmoSwGylso-3YkOkhFwVQ
Completed 302 Found in 4ms (ActiveRecord: 0.0ms (0 queries, 0 cached) | GC: 0.0ms)


Started GET "/?return_to=http%3A%2F%2Flocalhost%3A5201%2F%23%2Fde-DE%2Fprojects%3Ftoken%3DeyJhbGciOiJIUzI1NiJ9.eyJ1c2VyX2lkIjoibWVudG9yXzEiLCJuYW1lIjoiTWVudG9yIChUaG9tYXMpIiwiYWRtaW4iOnRydWUsImV4cCI6MTc2NzM2Njk2MX0.hlFAiB6YamnPcFoEIIfY3FHSjsVnuFsnzqRQ_GEh6sI%3Ftoken%3DeyJhbGciOiJIUzI1NiJ9.eyJ1c2VyX2lkIjoibWVudG9yXzEiLCJuYW1lIjoiTWVudG9yIChUaG9tYXMpIiwiYWRtaW4iOnRydWUsImV4cCI6MTc2NzM2Njk2NX0._fB8Q-j4PJhH9dL1N3v53ljQGORA8RVlkNWY1VqWbfc%3Ftoken%3DeyJhbGciOiJIUzI1NiJ9.eyJ1c2VyX2lkIjoibWVudG9yXzEiLCJuYW1lIjoiTWVudG9yIChUaG9tYXMpIiwiYWRtaW4iOnRydWUsImV4cCI6MTc2NzM2Njk3NX0.w2uvvpRds16ZFj6nJS6eFMFmoSwGylso-3YkOkhFwVQ" for 127.0.0.1 at 2026-01-01 16:16:16 +0100
Processing by SessionsController#index as HTML
  Parameters: {"return_to"=>"http://localhost:5201/#/de-DE/projects?token=eyJhbGciOiJIUzI1NiJ9.eyJ1c2VyX2lkIjoibWVudG9yXzEiLCJuYW1lIjoiTWVudG9yIChUaG9tYXMpIiwiYWRtaW4iOnRydWUsImV4cCI6MTc2NzM2Njk2MX0.hlFAiB6YamnPcFoEIIfY3FHSjsVnuFsnzqRQ_GEh6sI?token=eyJhbGciOiJIUzI1NiJ9.eyJ1c2VyX2lkIjoibWVudG9yXzEiLCJuYW1lIjoiTWVudG9yIChUaG9tYXMpIiwiYWRtaW4iOnRydWUsImV4cCI6MTc2NzM2Njk2NX0._fB8Q-j4PJhH9dL1N3v53ljQGORA8RVlkNWY1VqWbfc?token=eyJhbGciOiJIUzI1NiJ9.eyJ1c2VyX2lkIjoibWVudG9yXzEiLCJuYW1lIjoiTWVudG9yIChUaG9tYXMpIiwiYWRtaW4iOnRydWUsImV4cCI6MTc2NzM2Njk3NX0.w2uvvpRds16ZFj6nJS6eFMFmoSwGylso-3YkOkhFwVQ"}
  Rendering Views::Sessions::IndexView
  Rendered Views::Sessions::IndexView (Duration: 3.5ms | GC: 0.1ms)
Completed 200 OK in 5ms (Views: 4.6ms | ActiveRecord: 0.0ms (0 queries, 0 cached) | GC: 0.1ms)


Started POST "/sessions/create" for 127.0.0.1 at 2026-01-01 16:16:18 +0100
Processing by SessionsController#create as HTML
  Parameters: {"authenticity_token"=>"[FILTERED]", "user_id"=>"mentor_1", "return_to"=>"http://localhost:5201/#/de-DE/projects?token=eyJhbGciOiJIUzI1NiJ9.eyJ1c2VyX2lkIjoibWVudG9yXzEiLCJuYW1lIjoiTWVudG9yIChUaG9tYXMpIiwiYWRtaW4iOnRydWUsImV4cCI6MTc2NzM2Njk2MX0.hlFAiB6YamnPcFoEIIfY3FHSjsVnuFsnzqRQ_GEh6sI?token=eyJhbGciOiJIUzI1NiJ9.eyJ1c2VyX2lkIjoibWVudG9yXzEiLCJuYW1lIjoiTWVudG9yIChUaG9tYXMpIiwiYWRtaW4iOnRydWUsImV4cCI6MTc2NzM2Njk2NX0._fB8Q-j4PJhH9dL1N3v53ljQGORA8RVlkNWY1VqWbfc?token=eyJhbGciOiJIUzI1NiJ9.eyJ1c2VyX2lkIjoibWVudG9yXzEiLCJuYW1lIjoiTWVudG9yIChUaG9tYXMpIiwiYWRtaW4iOnRydWUsImV4cCI6MTc2NzM2Njk3NX0.w2uvvpRds16ZFj6nJS6eFMFmoSwGylso-3YkOkhFwVQ"}
Redirected to http://localhost:5201/#/de-DE/projects?token=eyJhbGciOiJIUzI1NiJ9.eyJ1c2VyX2lkIjoibWVudG9yXzEiLCJuYW1lIjoiTWVudG9yIChUaG9tYXMpIiwiYWRtaW4iOnRydWUsImV4cCI6MTc2NzM2Njk2MX0.hlFAiB6YamnPcFoEIIfY3FHSjsVnuFsnzqRQ_GEh6sI?token=eyJhbGciOiJIUzI1NiJ9.eyJ1c2VyX2lkIjoibWVudG9yXzEiLCJuYW1lIjoiTWVudG9yIChUaG9tYXMpIiwiYWRtaW4iOnRydWUsImV4cCI6MTc2NzM2Njk2NX0._fB8Q-j4PJhH9dL1N3v53ljQGORA8RVlkNWY1VqWbfc?token=eyJhbGciOiJIUzI1NiJ9.eyJ1c2VyX2lkIjoibWVudG9yXzEiLCJuYW1lIjoiTWVudG9yIChUaG9tYXMpIiwiYWRtaW4iOnRydWUsImV4cCI6MTc2NzM2Njk3NX0.w2uvvpRds16ZFj6nJS6eFMFmoSwGylso-3YkOkhFwVQ?token=eyJhbGciOiJIUzI1NiJ9.eyJ1c2VyX2lkIjoibWVudG9yXzEiLCJuYW1lIjoiTWVudG9yIChUaG9tYXMpIiwiYWRtaW4iOnRydWUsImV4cCI6MTc2NzM2Njk3OH0.y8TvSgsgTB0C62lj0rui0aSi7oLYGip_jyKlNX9jGTI
Completed 302 Found in 11ms (ActiveRecord: 0.0ms (0 queries, 0 cached) | GC: 0.0ms)


Started GET "/?return_to=http%3A%2F%2Flocalhost%3A5201%2F%23%2Fde-DE%2Fprojects%3Ftoken%3DeyJhbGciOiJIUzI1NiJ9.eyJ1c2VyX2lkIjoibWVudG9yXzEiLCJuYW1lIjoiTWVudG9yIChUaG9tYXMpIiwiYWRtaW4iOnRydWUsImV4cCI6MTc2NzM2Njk2MX0.hlFAiB6YamnPcFoEIIfY3FHSjsVnuFsnzqRQ_GEh6sI%3Ftoken%3DeyJhbGciOiJIUzI1NiJ9.eyJ1c2VyX2lkIjoibWVudG9yXzEiLCJuYW1lIjoiTWVudG9yIChUaG9tYXMpIiwiYWRtaW4iOnRydWUsImV4cCI6MTc2NzM2Njk2NX0._fB8Q-j4PJhH9dL1N3v53ljQGORA8RVlkNWY1VqWbfc%3Ftoken%3DeyJhbGciOiJIUzI1NiJ9.eyJ1c2VyX2lkIjoibWVudG9yXzEiLCJuYW1lIjoiTWVudG9yIChUaG9tYXMpIiwiYWRtaW4iOnRydWUsImV4cCI6MTc2NzM2Njk3NX0.w2uvvpRds16ZFj6nJS6eFMFmoSwGylso-3YkOkhFwVQ%3Ftoken%3DeyJhbGciOiJIUzI1NiJ9.eyJ1c2VyX2lkIjoibWVudG9yXzEiLCJuYW1lIjoiTWVudG9yIChUaG9tYXMpIiwiYWRtaW4iOnRydWUsImV4cCI6MTc2NzM2Njk3OH0.y8TvSgsgTB0C62lj0rui0aSi7oLYGip_jyKlNX9jGTI" for 127.0.0.1 at 2026-01-01 16:16:20 +0100
Processing by SessionsController#index as HTML
  Parameters: {"return_to"=>"http://localhost:5201/#/de-DE/projects?token=eyJhbGciOiJIUzI1NiJ9.eyJ1c2VyX2lkIjoibWVudG9yXzEiLCJuYW1lIjoiTWVudG9yIChUaG9tYXMpIiwiYWRtaW4iOnRydWUsImV4cCI6MTc2NzM2Njk2MX0.hlFAiB6YamnPcFoEIIfY3FHSjsVnuFsnzqRQ_GEh6sI?token=eyJhbGciOiJIUzI1NiJ9.eyJ1c2VyX2lkIjoibWVudG9yXzEiLCJuYW1lIjoiTWVudG9yIChUaG9tYXMpIiwiYWRtaW4iOnRydWUsImV4cCI6MTc2NzM2Njk2NX0._fB8Q-j4PJhH9dL1N3v53ljQGORA8RVlkNWY1VqWbfc?token=eyJhbGciOiJIUzI1NiJ9.eyJ1c2VyX2lkIjoibWVudG9yXzEiLCJuYW1lIjoiTWVudG9yIChUaG9tYXMpIiwiYWRtaW4iOnRydWUsImV4cCI6MTc2NzM2Njk3NX0.w2uvvpRds16ZFj6nJS6eFMFmoSwGylso-3YkOkhFwVQ?token=eyJhbGciOiJIUzI1NiJ9.eyJ1c2VyX2lkIjoibWVudG9yXzEiLCJuYW1lIjoiTWVudG9yIChUaG9tYXMpIiwiYWRtaW4iOnRydWUsImV4cCI6MTc2NzM2Njk3OH0.y8TvSgsgTB0C62lj0rui0aSi7oLYGip_jyKlNX9jGTI"}
  Rendering Views::Sessions::IndexView
  Rendered Views::Sessions::IndexView (Duration: 8.1ms | GC: 0.0ms)
Completed 200 OK in 11ms (Views: 8.5ms | ActiveRecord: 0.0ms (0 queries, 0 cached) | GC: 0.0ms)


Started POST "/sessions/create" for 127.0.0.1 at 2026-01-01 16:16:21 +0100
Processing by SessionsController#create as HTML
  Parameters: {"authenticity_token"=>"[FILTERED]", "user_id"=>"mentor_1", "return_to"=>"http://localhost:5201/#/de-DE/projects?token=eyJhbGciOiJIUzI1NiJ9.eyJ1c2VyX2lkIjoibWVudG9yXzEiLCJuYW1lIjoiTWVudG9yIChUaG9tYXMpIiwiYWRtaW4iOnRydWUsImV4cCI6MTc2NzM2Njk2MX0.hlFAiB6YamnPcFoEIIfY3FHSjsVnuFsnzqRQ_GEh6sI?token=eyJhbGciOiJIUzI1NiJ9.eyJ1c2VyX2lkIjoibWVudG9yXzEiLCJuYW1lIjoiTWVudG9yIChUaG9tYXMpIiwiYWRtaW4iOnRydWUsImV4cCI6MTc2NzM2Njk2NX0._fB8Q-j4PJhH9dL1N3v53ljQGORA8RVlkNWY1VqWbfc?token=eyJhbGciOiJIUzI1NiJ9.eyJ1c2VyX2lkIjoibWVudG9yXzEiLCJuYW1lIjoiTWVudG9yIChUaG9tYXMpIiwiYWRtaW4iOnRydWUsImV4cCI6MTc2NzM2Njk3NX0.w2uvvpRds16ZFj6nJS6eFMFmoSwGylso-3YkOkhFwVQ?token=eyJhbGciOiJIUzI1NiJ9.eyJ1c2VyX2lkIjoibWVudG9yXzEiLCJuYW1lIjoiTWVudG9yIChUaG9tYXMpIiwiYWRtaW4iOnRydWUsImV4cCI6MTc2NzM2Njk3OH0.y8TvSgsgTB0C62lj0rui0aSi7oLYGip_jyKlNX9jGTI"}
Redirected to http://localhost:5201/#/de-DE/projects?token=eyJhbGciOiJIUzI1NiJ9.eyJ1c2VyX2lkIjoibWVudG9yXzEiLCJuYW1lIjoiTWVudG9yIChUaG9tYXMpIiwiYWRtaW4iOnRydWUsImV4cCI6MTc2NzM2Njk2MX0.hlFAiB6YamnPcFoEIIfY3FHSjsVnuFsnzqRQ_GEh6sI?token=eyJhbGciOiJIUzI1NiJ9.eyJ1c2VyX2lkIjoibWVudG9yXzEiLCJuYW1lIjoiTWVudG9yIChUaG9tYXMpIiwiYWRtaW4iOnRydWUsImV4cCI6MTc2NzM2Njk2NX0._fB8Q-j4PJhH9dL1N3v53ljQGORA8RVlkNWY1VqWbfc?token=eyJhbGciOiJIUzI1NiJ9.eyJ1c2VyX2lkIjoibWVudG9yXzEiLCJuYW1lIjoiTWVudG9yIChUaG9tYXMpIiwiYWRtaW4iOnRydWUsImV4cCI6MTc2NzM2Njk3NX0.w2uvvpRds16ZFj6nJS6eFMFmoSwGylso-3YkOkhFwVQ?token=eyJhbGciOiJIUzI1NiJ9.eyJ1c2VyX2lkIjoibWVudG9yXzEiLCJuYW1lIjoiTWVudG9yIChUaG9tYXMpIiwiYWRtaW4iOnRydWUsImV4cCI6MTc2NzM2Njk3OH0.y8TvSgsgTB0C62lj0rui0aSi7oLYGip_jyKlNX9jGTI?token=eyJhbGciOiJIUzI1NiJ9.eyJ1c2VyX2lkIjoibWVudG9yXzEiLCJuYW1lIjoiTWVudG9yIChUaG9tYXMpIiwiYWRtaW4iOnRydWUsImV4cCI6MTc2NzM2Njk4MX0.mkaiwTI5X2T8bHKtnjSU2TOd1aD4ofK3JbakSGW8d8k
Completed 302 Found in 2ms (ActiveRecord: 0.0ms (0 queries, 0 cached) | GC: 0.0ms)


Started GET "/?return_to=http%3A%2F%2Flocalhost%3A5201%2F%23%2Fde-DE%2Fprojects%3Ftoken%3DeyJhbGciOiJIUzI1NiJ9.eyJ1c2VyX2lkIjoibWVudG9yXzEiLCJuYW1lIjoiTWVudG9yIChUaG9tYXMpIiwiYWRtaW4iOnRydWUsImV4cCI6MTc2NzM2Njk2MX0.hlFAiB6YamnPcFoEIIfY3FHSjsVnuFsnzqRQ_GEh6sI%3Ftoken%3DeyJhbGciOiJIUzI1NiJ9.eyJ1c2VyX2lkIjoibWVudG9yXzEiLCJuYW1lIjoiTWVudG9yIChUaG9tYXMpIiwiYWRtaW4iOnRydWUsImV4cCI6MTc2NzM2Njk2NX0._fB8Q-j4PJhH9dL1N3v53ljQGORA8RVlkNWY1VqWbfc%3Ftoken%3DeyJhbGciOiJIUzI1NiJ9.eyJ1c2VyX2lkIjoibWVudG9yXzEiLCJuYW1lIjoiTWVudG9yIChUaG9tYXMpIiwiYWRtaW4iOnRydWUsImV4cCI6MTc2NzM2Njk3NX0.w2uvvpRds16ZFj6nJS6eFMFmoSwGylso-3YkOkhFwVQ%3Ftoken%3DeyJhbGciOiJIUzI1NiJ9.eyJ1c2VyX2lkIjoibWVudG9yXzEiLCJuYW1lIjoiTWVudG9yIChUaG9tYXMpIiwiYWRtaW4iOnRydWUsImV4cCI6MTc2NzM2Njk3OH0.y8TvSgsgTB0C62lj0rui0aSi7oLYGip_jyKlNX9jGTI%3Ftoken%3DeyJhbGciOiJIUzI1NiJ9.eyJ1c2VyX2lkIjoibWVudG9yXzEiLCJuYW1lIjoiTWVudG9yIChUaG9tYXMpIiwiYWRtaW4iOnRydWUsImV4cCI6MTc2NzM2Njk4MX0.mkaiwTI5X2T8bHKtnjSU2TOd1aD4ofK3JbakSGW8d8k" for 127.0.0.1 at 2026-01-01 16:16:22 +0100
Processing by SessionsController#index as HTML
  Parameters: {"return_to"=>"http://localhost:5201/#/de-DE/projects?token=eyJhbGciOiJIUzI1NiJ9.eyJ1c2VyX2lkIjoibWVudG9yXzEiLCJuYW1lIjoiTWVudG9yIChUaG9tYXMpIiwiYWRtaW4iOnRydWUsImV4cCI6MTc2NzM2Njk2MX0.hlFAiB6YamnPcFoEIIfY3FHSjsVnuFsnzqRQ_GEh6sI?token=eyJhbGciOiJIUzI1NiJ9.eyJ1c2VyX2lkIjoibWVudG9yXzEiLCJuYW1lIjoiTWVudG9yIChUaG9tYXMpIiwiYWRtaW4iOnRydWUsImV4cCI6MTc2NzM2Njk2NX0._fB8Q-j4PJhH9dL1N3v53ljQGORA8RVlkNWY1VqWbfc?token=eyJhbGciOiJIUzI1NiJ9.eyJ1c2VyX2lkIjoibWVudG9yXzEiLCJuYW1lIjoiTWVudG9yIChUaG9tYXMpIiwiYWRtaW4iOnRydWUsImV4cCI6MTc2NzM2Njk3NX0.w2uvvpRds16ZFj6nJS6eFMFmoSwGylso-3YkOkhFwVQ?token=eyJhbGciOiJIUzI1NiJ9.eyJ1c2VyX2lkIjoibWVudG9yXzEiLCJuYW1lIjoiTWVudG9yIChUaG9tYXMpIiwiYWRtaW4iOnRydWUsImV4cCI6MTc2NzM2Njk3OH0.y8TvSgsgTB0C62lj0rui0aSi7oLYGip_jyKlNX9jGTI?token=eyJhbGciOiJIUzI1NiJ9.eyJ1c2VyX2lkIjoibWVudG9yXzEiLCJuYW1lIjoiTWVudG9yIChUaG9tYXMpIiwiYWRtaW4iOnRydWUsImV4cCI6MTc2NzM2Njk4MX0.mkaiwTI5X2T8bHKtnjSU2TOd1aD4ofK3JbakSGW8d8k"}
  Rendering Views::Sessions::IndexView
  Rendered Views::Sessions::IndexView (Duration: 0.7ms | GC: 0.0ms)
Completed 200 OK in 2ms (Views: 1.2ms | ActiveRecord: 0.0ms (0 queries, 0 cached) | GC: 0.0ms)


Started POST "/sessions/create" for 127.0.0.1 at 2026-01-01 16:16:23 +0100
Processing by SessionsController#create as HTML
  Parameters: {"authenticity_token"=>"[FILTERED]", "user_id"=>"admin_local", "return_to"=>"http://localhost:5201/#/de-DE/projects?token=eyJhbGciOiJIUzI1NiJ9.eyJ1c2VyX2lkIjoibWVudG9yXzEiLCJuYW1lIjoiTWVudG9yIChUaG9tYXMpIiwiYWRtaW4iOnRydWUsImV4cCI6MTc2NzM2Njk2MX0.hlFAiB6YamnPcFoEIIfY3FHSjsVnuFsnzqRQ_GEh6sI?token=eyJhbGciOiJIUzI1NiJ9.eyJ1c2VyX2lkIjoibWVudG9yXzEiLCJuYW1lIjoiTWVudG9yIChUaG9tYXMpIiwiYWRtaW4iOnRydWUsImV4cCI6MTc2NzM2Njk2NX0._fB8Q-j4PJhH9dL1N3v53ljQGORA8RVlkNWY1VqWbfc?token=eyJhbGciOiJIUzI1NiJ9.eyJ1c2VyX2lkIjoibWVudG9yXzEiLCJuYW1lIjoiTWVudG9yIChUaG9tYXMpIiwiYWRtaW4iOnRydWUsImV4cCI6MTc2NzM2Njk3NX0.w2uvvpRds16ZFj6nJS6eFMFmoSwGylso-3YkOkhFwVQ?token=eyJhbGciOiJIUzI1NiJ9.eyJ1c2VyX2lkIjoibWVudG9yXzEiLCJuYW1lIjoiTWVudG9yIChUaG9tYXMpIiwiYWRtaW4iOnRydWUsImV4cCI6MTc2NzM2Njk3OH0.y8TvSgsgTB0C62lj0rui0aSi7oLYGip_jyKlNX9jGTI?token=eyJhbGciOiJIUzI1NiJ9.eyJ1c2VyX2lkIjoibWVudG9yXzEiLCJuYW1lIjoiTWVudG9yIChUaG9tYXMpIiwiYWRtaW4iOnRydWUsImV4cCI6MTc2NzM2Njk4MX0.mkaiwTI5X2T8bHKtnjSU2TOd1aD4ofK3JbakSGW8d8k"}
Redirected to http://localhost:5201/#/de-DE/projects?token=eyJhbGciOiJIUzI1NiJ9.eyJ1c2VyX2lkIjoibWVudG9yXzEiLCJuYW1lIjoiTWVudG9yIChUaG9tYXMpIiwiYWRtaW4iOnRydWUsImV4cCI6MTc2NzM2Njk2MX0.hlFAiB6YamnPcFoEIIfY3FHSjsVnuFsnzqRQ_GEh6sI?token=eyJhbGciOiJIUzI1NiJ9.eyJ1c2VyX2lkIjoibWVudG9yXzEiLCJuYW1lIjoiTWVudG9yIChUaG9tYXMpIiwiYWRtaW4iOnRydWUsImV4cCI6MTc2NzM2Njk2NX0._fB8Q-j4PJhH9dL1N3v53ljQGORA8RVlkNWY1VqWbfc?token=eyJhbGciOiJIUzI1NiJ9.eyJ1c2VyX2lkIjoibWVudG9yXzEiLCJuYW1lIjoiTWVudG9yIChUaG9tYXMpIiwiYWRtaW4iOnRydWUsImV4cCI6MTc2NzM2Njk3NX0.w2uvvpRds16ZFj6nJS6eFMFmoSwGylso-3YkOkhFwVQ?token=eyJhbGciOiJIUzI1NiJ9.eyJ1c2VyX2lkIjoibWVudG9yXzEiLCJuYW1lIjoiTWVudG9yIChUaG9tYXMpIiwiYWRtaW4iOnRydWUsImV4cCI6MTc2NzM2Njk3OH0.y8TvSgsgTB0C62lj0rui0aSi7oLYGip_jyKlNX9jGTI?token=eyJhbGciOiJIUzI1NiJ9.eyJ1c2VyX2lkIjoibWVudG9yXzEiLCJuYW1lIjoiTWVudG9yIChUaG9tYXMpIiwiYWRtaW4iOnRydWUsImV4cCI6MTc2NzM2Njk4MX0.mkaiwTI5X2T8bHKtnjSU2TOd1aD4ofK3JbakSGW8d8k?token=eyJhbGciOiJIUzI1NiJ9.eyJ1c2VyX2lkIjoiYWRtaW5fbG9jYWwiLCJuYW1lIjoiTG9rYWwtQWRtaW4iLCJhZG1pbiI6dHJ1ZSwiZXhwIjoxNzY3MzY2OTgzfQ.p6tf7h8MigcLkXb4xck7bLSOhAJIQgkEpJLdHMXPZ9c
Completed 302 Found in 4ms (ActiveRecord: 0.0ms (0 queries, 0 cached) | GC: 0.0ms)


Started GET "/?return_to=http%3A%2F%2Flocalhost%3A5201%2F%23%2Fde-DE%2Fprojects%3Ftoken%3DeyJhbGciOiJIUzI1NiJ9.eyJ1c2VyX2lkIjoibWVudG9yXzEiLCJuYW1lIjoiTWVudG9yIChUaG9tYXMpIiwiYWRtaW4iOnRydWUsImV4cCI6MTc2NzM2Njk2MX0.hlFAiB6YamnPcFoEIIfY3FHSjsVnuFsnzqRQ_GEh6sI%3Ftoken%3DeyJhbGciOiJIUzI1NiJ9.eyJ1c2VyX2lkIjoibWVudG9yXzEiLCJuYW1lIjoiTWVudG9yIChUaG9tYXMpIiwiYWRtaW4iOnRydWUsImV4cCI6MTc2NzM2Njk2NX0._fB8Q-j4PJhH9dL1N3v53ljQGORA8RVlkNWY1VqWbfc%3Ftoken%3DeyJhbGciOiJIUzI1NiJ9.eyJ1c2VyX2lkIjoibWVudG9yXzEiLCJuYW1lIjoiTWVudG9yIChUaG9tYXMpIiwiYWRtaW4iOnRydWUsImV4cCI6MTc2NzM2Njk3NX0.w2uvvpRds16ZFj6nJS6eFMFmoSwGylso-3YkOkhFwVQ%3Ftoken%3DeyJhbGciOiJIUzI1NiJ9.eyJ1c2VyX2lkIjoibWVudG9yXzEiLCJuYW1lIjoiTWVudG9yIChUaG9tYXMpIiwiYWRtaW4iOnRydWUsImV4cCI6MTc2NzM2Njk3OH0.y8TvSgsgTB0C62lj0rui0aSi7oLYGip_jyKlNX9jGTI%3Ftoken%3DeyJhbGciOiJIUzI1NiJ9.eyJ1c2VyX2lkIjoibWVudG9yXzEiLCJuYW1lIjoiTWVudG9yIChUaG9tYXMpIiwiYWRtaW4iOnRydWUsImV4cCI6MTc2NzM2Njk4MX0.mkaiwTI5X2T8bHKtnjSU2TOd1aD4ofK3JbakSGW8d8k%3Ftoken%3DeyJhbGciOiJIUzI1NiJ9.eyJ1c2VyX2lkIjoiYWRtaW5fbG9jYWwiLCJuYW1lIjoiTG9rYWwtQWRtaW4iLCJhZG1pbiI6dHJ1ZSwiZXhwIjoxNzY3MzY2OTgzfQ.p6tf7h8MigcLkXb4xck7bLSOhAJIQgkEpJLdHMXPZ9c" for 127.0.0.1 at 2026-01-01 16:16:24 +0100
Processing by SessionsController#index as HTML
  Parameters: {"return_to"=>"http://localhost:5201/#/de-DE/projects?token=eyJhbGciOiJIUzI1NiJ9.eyJ1c2VyX2lkIjoibWVudG9yXzEiLCJuYW1lIjoiTWVudG9yIChUaG9tYXMpIiwiYWRtaW4iOnRydWUsImV4cCI6MTc2NzM2Njk2MX0.hlFAiB6YamnPcFoEIIfY3FHSjsVnuFsnzqRQ_GEh6sI?token=eyJhbGciOiJIUzI1NiJ9.eyJ1c2VyX2lkIjoibWVudG9yXzEiLCJuYW1lIjoiTWVudG9yIChUaG9tYXMpIiwiYWRtaW4iOnRydWUsImV4cCI6MTc2NzM2Njk2NX0._fB8Q-j4PJhH9dL1N3v53ljQGORA8RVlkNWY1VqWbfc?token=eyJhbGciOiJIUzI1NiJ9.eyJ1c2VyX2lkIjoibWVudG9yXzEiLCJuYW1lIjoiTWVudG9yIChUaG9tYXMpIiwiYWRtaW4iOnRydWUsImV4cCI6MTc2NzM2Njk3NX0.w2uvvpRds16ZFj6nJS6eFMFmoSwGylso-3YkOkhFwVQ?token=eyJhbGciOiJIUzI1NiJ9.eyJ1c2VyX2lkIjoibWVudG9yXzEiLCJuYW1lIjoiTWVudG9yIChUaG9tYXMpIiwiYWRtaW4iOnRydWUsImV4cCI6MTc2NzM2Njk3OH0.y8TvSgsgTB0C62lj0rui0aSi7oLYGip_jyKlNX9jGTI?token=eyJhbGciOiJIUzI1NiJ9.eyJ1c2VyX2lkIjoibWVudG9yXzEiLCJuYW1lIjoiTWVudG9yIChUaG9tYXMpIiwiYWRtaW4iOnRydWUsImV4cCI6MTc2NzM2Njk4MX0.mkaiwTI5X2T8bHKtnjSU2TOd1aD4ofK3JbakSGW8d8k?token=eyJhbGciOiJIUzI1NiJ9.eyJ1c2VyX2lkIjoiYWRtaW5fbG9jYWwiLCJuYW1lIjoiTG9rYWwtQWRtaW4iLCJhZG1pbiI6dHJ1ZSwiZXhwIjoxNzY3MzY2OTgzfQ.p6tf7h8MigcLkXb4xck7bLSOhAJIQgkEpJLdHMXPZ9c"}
  Rendering Views::Sessions::IndexView
  Rendered Views::Sessions::IndexView (Duration: 2.9ms | GC: 0.0ms)
Completed 200 OK in 7ms (Views: 4.3ms | ActiveRecord: 0.0ms (0 queries, 0 cached) | GC: 0.0ms)


Started POST "/sessions/create" for 127.0.0.1 at 2026-01-01 16:16:25 +0100
Processing by SessionsController#create as HTML
  Parameters: {"authenticity_token"=>"[FILTERED]", "user_id"=>"mentor_1", "return_to"=>"http://localhost:5201/#/de-DE/projects?token=eyJhbGciOiJIUzI1NiJ9.eyJ1c2VyX2lkIjoibWVudG9yXzEiLCJuYW1lIjoiTWVudG9yIChUaG9tYXMpIiwiYWRtaW4iOnRydWUsImV4cCI6MTc2NzM2Njk2MX0.hlFAiB6YamnPcFoEIIfY3FHSjsVnuFsnzqRQ_GEh6sI?token=eyJhbGciOiJIUzI1NiJ9.eyJ1c2VyX2lkIjoibWVudG9yXzEiLCJuYW1lIjoiTWVudG9yIChUaG9tYXMpIiwiYWRtaW4iOnRydWUsImV4cCI6MTc2NzM2Njk2NX0._fB8Q-j4PJhH9dL1N3v53ljQGORA8RVlkNWY1VqWbfc?token=eyJhbGciOiJIUzI1NiJ9.eyJ1c2VyX2lkIjoibWVudG9yXzEiLCJuYW1lIjoiTWVudG9yIChUaG9tYXMpIiwiYWRtaW4iOnRydWUsImV4cCI6MTc2NzM2Njk3NX0.w2uvvpRds16ZFj6nJS6eFMFmoSwGylso-3YkOkhFwVQ?token=eyJhbGciOiJIUzI1NiJ9.eyJ1c2VyX2lkIjoibWVudG9yXzEiLCJuYW1lIjoiTWVudG9yIChUaG9tYXMpIiwiYWRtaW4iOnRydWUsImV4cCI6MTc2NzM2Njk3OH0.y8TvSgsgTB0C62lj0rui0aSi7oLYGip_jyKlNX9jGTI?token=eyJhbGciOiJIUzI1NiJ9.eyJ1c2VyX2lkIjoibWVudG9yXzEiLCJuYW1lIjoiTWVudG9yIChUaG9tYXMpIiwiYWRtaW4iOnRydWUsImV4cCI6MTc2NzM2Njk4MX0.mkaiwTI5X2T8bHKtnjSU2TOd1aD4ofK3JbakSGW8d8k?token=eyJhbGciOiJIUzI1NiJ9.eyJ1c2VyX2lkIjoiYWRtaW5fbG9jYWwiLCJuYW1lIjoiTG9rYWwtQWRtaW4iLCJhZG1pbiI6dHJ1ZSwiZXhwIjoxNzY3MzY2OTgzfQ.p6tf7h8MigcLkXb4xck7bLSOhAJIQgkEpJLdHMXPZ9c"}
Redirected to http://localhost:5201/#/de-DE/projects?token=eyJhbGciOiJIUzI1NiJ9.eyJ1c2VyX2lkIjoibWVudG9yXzEiLCJuYW1lIjoiTWVudG9yIChUaG9tYXMpIiwiYWRtaW4iOnRydWUsImV4cCI6MTc2NzM2Njk2MX0.hlFAiB6YamnPcFoEIIfY3FHSjsVnuFsnzqRQ_GEh6sI?token=eyJhbGciOiJIUzI1NiJ9.eyJ1c2VyX2lkIjoibWVudG9yXzEiLCJuYW1lIjoiTWVudG9yIChUaG9tYXMpIiwiYWRtaW4iOnRydWUsImV4cCI6MTc2NzM2Njk2NX0._fB8Q-j4PJhH9dL1N3v53ljQGORA8RVlkNWY1VqWbfc?token=eyJhbGciOiJIUzI1NiJ9.eyJ1c2VyX2lkIjoibWVudG9yXzEiLCJuYW1lIjoiTWVudG9yIChUaG9tYXMpIiwiYWRtaW4iOnRydWUsImV4cCI6MTc2NzM2Njk3NX0.w2uvvpRds16ZFj6nJS6eFMFmoSwGylso-3YkOkhFwVQ?token=eyJhbGciOiJIUzI1NiJ9.eyJ1c2VyX2lkIjoibWVudG9yXzEiLCJuYW1lIjoiTWVudG9yIChUaG9tYXMpIiwiYWRtaW4iOnRydWUsImV4cCI6MTc2NzM2Njk3OH0.y8TvSgsgTB0C62lj0rui0aSi7oLYGip_jyKlNX9jGTI?token=eyJhbGciOiJIUzI1NiJ9.eyJ1c2VyX2lkIjoibWVudG9yXzEiLCJuYW1lIjoiTWVudG9yIChUaG9tYXMpIiwiYWRtaW4iOnRydWUsImV4cCI6MTc2NzM2Njk4MX0.mkaiwTI5X2T8bHKtnjSU2TOd1aD4ofK3JbakSGW8d8k?token=eyJhbGciOiJIUzI1NiJ9.eyJ1c2VyX2lkIjoiYWRtaW5fbG9jYWwiLCJuYW1lIjoiTG9rYWwtQWRtaW4iLCJhZG1pbiI6dHJ1ZSwiZXhwIjoxNzY3MzY2OTgzfQ.p6tf7h8MigcLkXb4xck7bLSOhAJIQgkEpJLdHMXPZ9c?token=eyJhbGciOiJIUzI1NiJ9.eyJ1c2VyX2lkIjoibWVudG9yXzEiLCJuYW1lIjoiTWVudG9yIChUaG9tYXMpIiwiYWRtaW4iOnRydWUsImV4cCI6MTc2NzM2Njk4NX0.0gVgy2QeJbJlLFn3Du4X4PIE7VXhNOUegkLC20guyg8
Completed 302 Found in 4ms (ActiveRecord: 0.0ms (0 queries, 0 cached) | GC: 0.0ms)


Started GET "/?return_to=http%3A%2F%2Flocalhost%3A5201%2F%23%2Fde-DE%2Fprojects%3Ftoken%3DeyJhbGciOiJIUzI1NiJ9.eyJ1c2VyX2lkIjoibWVudG9yXzEiLCJuYW1lIjoiTWVudG9yIChUaG9tYXMpIiwiYWRtaW4iOnRydWUsImV4cCI6MTc2NzM2Njk2MX0.hlFAiB6YamnPcFoEIIfY3FHSjsVnuFsnzqRQ_GEh6sI%3Ftoken%3DeyJhbGciOiJIUzI1NiJ9.eyJ1c2VyX2lkIjoibWVudG9yXzEiLCJuYW1lIjoiTWVudG9yIChUaG9tYXMpIiwiYWRtaW4iOnRydWUsImV4cCI6MTc2NzM2Njk2NX0._fB8Q-j4PJhH9dL1N3v53ljQGORA8RVlkNWY1VqWbfc%3Ftoken%3DeyJhbGciOiJIUzI1NiJ9.eyJ1c2VyX2lkIjoibWVudG9yXzEiLCJuYW1lIjoiTWVudG9yIChUaG9tYXMpIiwiYWRtaW4iOnRydWUsImV4cCI6MTc2NzM2Njk3NX0.w2uvvpRds16ZFj6nJS6eFMFmoSwGylso-3YkOkhFwVQ%3Ftoken%3DeyJhbGciOiJIUzI1NiJ9.eyJ1c2VyX2lkIjoibWVudG9yXzEiLCJuYW1lIjoiTWVudG9yIChUaG9tYXMpIiwiYWRtaW4iOnRydWUsImV4cCI6MTc2NzM2Njk3OH0.y8TvSgsgTB0C62lj0rui0aSi7oLYGip_jyKlNX9jGTI%3Ftoken%3DeyJhbGciOiJIUzI1NiJ9.eyJ1c2VyX2lkIjoibWVudG9yXzEiLCJuYW1lIjoiTWVudG9yIChUaG9tYXMpIiwiYWRtaW4iOnRydWUsImV4cCI6MTc2NzM2Njk4MX0.mkaiwTI5X2T8bHKtnjSU2TOd1aD4ofK3JbakSGW8d8k%3Ftoken%3DeyJhbGciOiJIUzI1NiJ9.eyJ1c2VyX2lkIjoiYWRtaW5fbG9jYWwiLCJuYW1lIjoiTG9rYWwtQWRtaW4iLCJhZG1pbiI6dHJ1ZSwiZXhwIjoxNzY3MzY2OTgzfQ.p6tf7h8MigcLkXb4xck7bLSOhAJIQgkEpJLdHMXPZ9c%3Ftoken%3DeyJhbGciOiJIUzI1NiJ9.eyJ1c2VyX2lkIjoibWVudG9yXzEiLCJuYW1lIjoiTWVudG9yIChUaG9tYXMpIiwiYWRtaW4iOnRydWUsImV4cCI6MTc2NzM2Njk4NX0.0gVgy2QeJbJlLFn3Du4X4PIE7VXhNOUegkLC20guyg8" for 127.0.0.1 at 2026-01-01 16:16:26 +0100
Processing by SessionsController#index as HTML
  Parameters: {"return_to"=>"http://localhost:5201/#/de-DE/projects?token=eyJhbGciOiJIUzI1NiJ9.eyJ1c2VyX2lkIjoibWVudG9yXzEiLCJuYW1lIjoiTWVudG9yIChUaG9tYXMpIiwiYWRtaW4iOnRydWUsImV4cCI6MTc2NzM2Njk2MX0.hlFAiB6YamnPcFoEIIfY3FHSjsVnuFsnzqRQ_GEh6sI?token=eyJhbGciOiJIUzI1NiJ9.eyJ1c2VyX2lkIjoibWVudG9yXzEiLCJuYW1lIjoiTWVudG9yIChUaG9tYXMpIiwiYWRtaW4iOnRydWUsImV4cCI6MTc2NzM2Njk2NX0._fB8Q-j4PJhH9dL1N3v53ljQGORA8RVlkNWY1VqWbfc?token=eyJhbGciOiJIUzI1NiJ9.eyJ1c2VyX2lkIjoibWVudG9yXzEiLCJuYW1lIjoiTWVudG9yIChUaG9tYXMpIiwiYWRtaW4iOnRydWUsImV4cCI6MTc2NzM2Njk3NX0.w2uvvpRds16ZFj6nJS6eFMFmoSwGylso-3YkOkhFwVQ?token=eyJhbGciOiJIUzI1NiJ9.eyJ1c2VyX2lkIjoibWVudG9yXzEiLCJuYW1lIjoiTWVudG9yIChUaG9tYXMpIiwiYWRtaW4iOnRydWUsImV4cCI6MTc2NzM2Njk3OH0.y8TvSgsgTB0C62lj0rui0aSi7oLYGip_jyKlNX9jGTI?token=eyJhbGciOiJIUzI1NiJ9.eyJ1c2VyX2lkIjoibWVudG9yXzEiLCJuYW1lIjoiTWVudG9yIChUaG9tYXMpIiwiYWRtaW4iOnRydWUsImV4cCI6MTc2NzM2Njk4MX0.mkaiwTI5X2T8bHKtnjSU2TOd1aD4ofK3JbakSGW8d8k?token=eyJhbGciOiJIUzI1NiJ9.eyJ1c2VyX2lkIjoiYWRtaW5fbG9jYWwiLCJuYW1lIjoiTG9rYWwtQWRtaW4iLCJhZG1pbiI6dHJ1ZSwiZXhwIjoxNzY3MzY2OTgzfQ.p6tf7h8MigcLkXb4xck7bLSOhAJIQgkEpJLdHMXPZ9c?token=eyJhbGciOiJIUzI1NiJ9.eyJ1c2VyX2lkIjoibWVudG9yXzEiLCJuYW1lIjoiTWVudG9yIChUaG9tYXMpIiwiYWRtaW4iOnRydWUsImV4cCI6MTc2NzM2Njk4NX0.0gVgy2QeJbJlLFn3Du4X4PIE7VXhNOUegkLC20guyg8"}
  Rendering Views::Sessions::IndexView
  Rendered Views::Sessions::IndexView (Duration: 0.7ms | GC: 0.2ms)
Completed 200 OK in 2ms (Views: 1.1ms | ActiveRecord: 0.0ms (0 queries, 0 cached) | GC: 0.2ms)


Started POST "/sessions/create" for 127.0.0.1 at 2026-01-01 16:16:27 +0100
Processing by SessionsController#create as HTML
  Parameters: {"authenticity_token"=>"[FILTERED]", "user_id"=>"mentor_1", "return_to"=>"http://localhost:5201/#/de-DE/projects?token=eyJhbGciOiJIUzI1NiJ9.eyJ1c2VyX2lkIjoibWVudG9yXzEiLCJuYW1lIjoiTWVudG9yIChUaG9tYXMpIiwiYWRtaW4iOnRydWUsImV4cCI6MTc2NzM2Njk2MX0.hlFAiB6YamnPcFoEIIfY3FHSjsVnuFsnzqRQ_GEh6sI?token=eyJhbGciOiJIUzI1NiJ9.eyJ1c2VyX2lkIjoibWVudG9yXzEiLCJuYW1lIjoiTWVudG9yIChUaG9tYXMpIiwiYWRtaW4iOnRydWUsImV4cCI6MTc2NzM2Njk2NX0._fB8Q-j4PJhH9dL1N3v53ljQGORA8RVlkNWY1VqWbfc?token=eyJhbGciOiJIUzI1NiJ9.eyJ1c2VyX2lkIjoibWVudG9yXzEiLCJuYW1lIjoiTWVudG9yIChUaG9tYXMpIiwiYWRtaW4iOnRydWUsImV4cCI6MTc2NzM2Njk3NX0.w2uvvpRds16ZFj6nJS6eFMFmoSwGylso-3YkOkhFwVQ?token=eyJhbGciOiJIUzI1NiJ9.eyJ1c2VyX2lkIjoibWVudG9yXzEiLCJuYW1lIjoiTWVudG9yIChUaG9tYXMpIiwiYWRtaW4iOnRydWUsImV4cCI6MTc2NzM2Njk3OH0.y8TvSgsgTB0C62lj0rui0aSi7oLYGip_jyKlNX9jGTI?token=eyJhbGciOiJIUzI1NiJ9.eyJ1c2VyX2lkIjoibWVudG9yXzEiLCJuYW1lIjoiTWVudG9yIChUaG9tYXMpIiwiYWRtaW4iOnRydWUsImV4cCI6MTc2NzM2Njk4MX0.mkaiwTI5X2T8bHKtnjSU2TOd1aD4ofK3JbakSGW8d8k?token=eyJhbGciOiJIUzI1NiJ9.eyJ1c2VyX2lkIjoiYWRtaW5fbG9jYWwiLCJuYW1lIjoiTG9rYWwtQWRtaW4iLCJhZG1pbiI6dHJ1ZSwiZXhwIjoxNzY3MzY2OTgzfQ.p6tf7h8MigcLkXb4xck7bLSOhAJIQgkEpJLdHMXPZ9c?token=eyJhbGciOiJIUzI1NiJ9.eyJ1c2VyX2lkIjoibWVudG9yXzEiLCJuYW1lIjoiTWVudG9yIChUaG9tYXMpIiwiYWRtaW4iOnRydWUsImV4cCI6MTc2NzM2Njk4NX0.0gVgy2QeJbJlLFn3Du4X4PIE7VXhNOUegkLC20guyg8"}
Redirected to http://localhost:5201/#/de-DE/projects?token=eyJhbGciOiJIUzI1NiJ9.eyJ1c2VyX2lkIjoibWVudG9yXzEiLCJuYW1lIjoiTWVudG9yIChUaG9tYXMpIiwiYWRtaW4iOnRydWUsImV4cCI6MTc2NzM2Njk2MX0.hlFAiB6YamnPcFoEIIfY3FHSjsVnuFsnzqRQ_GEh6sI?token=eyJhbGciOiJIUzI1NiJ9.eyJ1c2VyX2lkIjoibWVudG9yXzEiLCJuYW1lIjoiTWVudG9yIChUaG9tYXMpIiwiYWRtaW4iOnRydWUsImV4cCI6MTc2NzM2Njk2NX0._fB8Q-j4PJhH9dL1N3v53ljQGORA8RVlkNWY1VqWbfc?token=eyJhbGciOiJIUzI1NiJ9.eyJ1c2VyX2lkIjoibWVudG9yXzEiLCJuYW1lIjoiTWVudG9yIChUaG9tYXMpIiwiYWRtaW4iOnRydWUsImV4cCI6MTc2NzM2Njk3NX0.w2uvvpRds16ZFj6nJS6eFMFmoSwGylso-3YkOkhFwVQ?token=eyJhbGciOiJIUzI1NiJ9.eyJ1c2VyX2lkIjoibWVudG9yXzEiLCJuYW1lIjoiTWVudG9yIChUaG9tYXMpIiwiYWRtaW4iOnRydWUsImV4cCI6MTc2NzM2Njk3OH0.y8TvSgsgTB0C62lj0rui0aSi7oLYGip_jyKlNX9jGTI?token=eyJhbGciOiJIUzI1NiJ9.eyJ1c2VyX2lkIjoibWVudG9yXzEiLCJuYW1lIjoiTWVudG9yIChUaG9tYXMpIiwiYWRtaW4iOnRydWUsImV4cCI6MTc2NzM2Njk4MX0.mkaiwTI5X2T8bHKtnjSU2TOd1aD4ofK3JbakSGW8d8k?token=eyJhbGciOiJIUzI1NiJ9.eyJ1c2VyX2lkIjoiYWRtaW5fbG9jYWwiLCJuYW1lIjoiTG9rYWwtQWRtaW4iLCJhZG1pbiI6dHJ1ZSwiZXhwIjoxNzY3MzY2OTgzfQ.p6tf7h8MigcLkXb4xck7bLSOhAJIQgkEpJLdHMXPZ9c?token=eyJhbGciOiJIUzI1NiJ9.eyJ1c2VyX2lkIjoibWVudG9yXzEiLCJuYW1lIjoiTWVudG9yIChUaG9tYXMpIiwiYWRtaW4iOnRydWUsImV4cCI6MTc2NzM2Njk4NX0.0gVgy2QeJbJlLFn3Du4X4PIE7VXhNOUegkLC20guyg8?token=eyJhbGciOiJIUzI1NiJ9.eyJ1c2VyX2lkIjoibWVudG9yXzEiLCJuYW1lIjoiTWVudG9yIChUaG9tYXMpIiwiYWRtaW4iOnRydWUsImV4cCI6MTc2NzM2Njk4N30.hb0zdgB4lDxSFbm11-qrx60epiqHN9sfI8qoBJNGuic
Completed 302 Found in 1ms (ActiveRecord: 0.0ms (0 queries, 0 cached) | GC: 0.0ms)


Started GET "/?return_to=http%3A%2F%2Flocalhost%3A5201%2F%23%2Fde-DE%2Fprojects%3Ftoken%3DeyJhbGciOiJIUzI1NiJ9.eyJ1c2VyX2lkIjoibWVudG9yXzEiLCJuYW1lIjoiTWVudG9yIChUaG9tYXMpIiwiYWRtaW4iOnRydWUsImV4cCI6MTc2NzM2Njk2MX0.hlFAiB6YamnPcFoEIIfY3FHSjsVnuFsnzqRQ_GEh6sI%3Ftoken%3DeyJhbGciOiJIUzI1NiJ9.eyJ1c2VyX2lkIjoibWVudG9yXzEiLCJuYW1lIjoiTWVudG9yIChUaG9tYXMpIiwiYWRtaW4iOnRydWUsImV4cCI6MTc2NzM2Njk2NX0._fB8Q-j4PJhH9dL1N3v53ljQGORA8RVlkNWY1VqWbfc%3Ftoken%3DeyJhbGciOiJIUzI1NiJ9.eyJ1c2VyX2lkIjoibWVudG9yXzEiLCJuYW1lIjoiTWVudG9yIChUaG9tYXMpIiwiYWRtaW4iOnRydWUsImV4cCI6MTc2NzM2Njk3NX0.w2uvvpRds16ZFj6nJS6eFMFmoSwGylso-3YkOkhFwVQ%3Ftoken%3DeyJhbGciOiJIUzI1NiJ9.eyJ1c2VyX2lkIjoibWVudG9yXzEiLCJuYW1lIjoiTWVudG9yIChUaG9tYXMpIiwiYWRtaW4iOnRydWUsImV4cCI6MTc2NzM2Njk3OH0.y8TvSgsgTB0C62lj0rui0aSi7oLYGip_jyKlNX9jGTI%3Ftoken%3DeyJhbGciOiJIUzI1NiJ9.eyJ1c2VyX2lkIjoibWVudG9yXzEiLCJuYW1lIjoiTWVudG9yIChUaG9tYXMpIiwiYWRtaW4iOnRydWUsImV4cCI6MTc2NzM2Njk4MX0.mkaiwTI5X2T8bHKtnjSU2TOd1aD4ofK3JbakSGW8d8k%3Ftoken%3DeyJhbGciOiJIUzI1NiJ9.eyJ1c2VyX2lkIjoiYWRtaW5fbG9jYWwiLCJuYW1lIjoiTG9rYWwtQWRtaW4iLCJhZG1pbiI6dHJ1ZSwiZXhwIjoxNzY3MzY2OTgzfQ.p6tf7h8MigcLkXb4xck7bLSOhAJIQgkEpJLdHMXPZ9c%3Ftoken%3DeyJhbGciOiJIUzI1NiJ9.eyJ1c2VyX2lkIjoibWVudG9yXzEiLCJuYW1lIjoiTWVudG9yIChUaG9tYXMpIiwiYWRtaW4iOnRydWUsImV4cCI6MTc2NzM2Njk4NX0.0gVgy2QeJbJlLFn3Du4X4PIE7VXhNOUegkLC20guyg8%3Ftoken%3DeyJhbGciOiJIUzI1NiJ9.eyJ1c2VyX2lkIjoibWVudG9yXzEiLCJuYW1lIjoiTWVudG9yIChUaG9tYXMpIiwiYWRtaW4iOnRydWUsImV4cCI6MTc2NzM2Njk4N30.hb0zdgB4lDxSFbm11-qrx60epiqHN9sfI8qoBJNGuic" for 127.0.0.1 at 2026-01-01 16:16:28 +0100
Processing by SessionsController#index as HTML
  Parameters: {"return_to"=>"http://localhost:5201/#/de-DE/projects?token=eyJhbGciOiJIUzI1NiJ9.eyJ1c2VyX2lkIjoibWVudG9yXzEiLCJuYW1lIjoiTWVudG9yIChUaG9tYXMpIiwiYWRtaW4iOnRydWUsImV4cCI6MTc2NzM2Njk2MX0.hlFAiB6YamnPcFoEIIfY3FHSjsVnuFsnzqRQ_GEh6sI?token=eyJhbGciOiJIUzI1NiJ9.eyJ1c2VyX2lkIjoibWVudG9yXzEiLCJuYW1lIjoiTWVudG9yIChUaG9tYXMpIiwiYWRtaW4iOnRydWUsImV4cCI6MTc2NzM2Njk2NX0._fB8Q-j4PJhH9dL1N3v53ljQGORA8RVlkNWY1VqWbfc?token=eyJhbGciOiJIUzI1NiJ9.eyJ1c2VyX2lkIjoibWVudG9yXzEiLCJuYW1lIjoiTWVudG9yIChUaG9tYXMpIiwiYWRtaW4iOnRydWUsImV4cCI6MTc2NzM2Njk3NX0.w2uvvpRds16ZFj6nJS6eFMFmoSwGylso-3YkOkhFwVQ?token=eyJhbGciOiJIUzI1NiJ9.eyJ1c2VyX2lkIjoibWVudG9yXzEiLCJuYW1lIjoiTWVudG9yIChUaG9tYXMpIiwiYWRtaW4iOnRydWUsImV4cCI6MTc2NzM2Njk3OH0.y8TvSgsgTB0C62lj0rui0aSi7oLYGip_jyKlNX9jGTI?token=eyJhbGciOiJIUzI1NiJ9.eyJ1c2VyX2lkIjoibWVudG9yXzEiLCJuYW1lIjoiTWVudG9yIChUaG9tYXMpIiwiYWRtaW4iOnRydWUsImV4cCI6MTc2NzM2Njk4MX0.mkaiwTI5X2T8bHKtnjSU2TOd1aD4ofK3JbakSGW8d8k?token=eyJhbGciOiJIUzI1NiJ9.eyJ1c2VyX2lkIjoiYWRtaW5fbG9jYWwiLCJuYW1lIjoiTG9rYWwtQWRtaW4iLCJhZG1pbiI6dHJ1ZSwiZXhwIjoxNzY3MzY2OTgzfQ.p6tf7h8MigcLkXb4xck7bLSOhAJIQgkEpJLdHMXPZ9c?token=eyJhbGciOiJIUzI1NiJ9.eyJ1c2VyX2lkIjoibWVudG9yXzEiLCJuYW1lIjoiTWVudG9yIChUaG9tYXMpIiwiYWRtaW4iOnRydWUsImV4cCI6MTc2NzM2Njk4NX0.0gVgy2QeJbJlLFn3Du4X4PIE7VXhNOUegkLC20guyg8?token=eyJhbGciOiJIUzI1NiJ9.eyJ1c2VyX2lkIjoibWVudG9yXzEiLCJuYW1lIjoiTWVudG9yIChUaG9tYXMpIiwiYWRtaW4iOnRydWUsImV4cCI6MTc2NzM2Njk4N30.hb0zdgB4lDxSFbm11-qrx60epiqHN9sfI8qoBJNGuic"}
  Rendering Views::Sessions::IndexView
  Rendered Views::Sessions::IndexView (Duration: 2.1ms | GC: 0.0ms)
Completed 200 OK in 3ms (Views: 2.5ms | ActiveRecord: 0.0ms (0 queries, 0 cached) | GC: 0.3ms)


Started POST "/sessions/create" for 127.0.0.1 at 2026-01-01 16:16:29 +0100
Processing by SessionsController#create as HTML
  Parameters: {"authenticity_token"=>"[FILTERED]", "user_id"=>"admin_local", "return_to"=>"http://localhost:5201/#/de-DE/projects?token=eyJhbGciOiJIUzI1NiJ9.eyJ1c2VyX2lkIjoibWVudG9yXzEiLCJuYW1lIjoiTWVudG9yIChUaG9tYXMpIiwiYWRtaW4iOnRydWUsImV4cCI6MTc2NzM2Njk2MX0.hlFAiB6YamnPcFoEIIfY3FHSjsVnuFsnzqRQ_GEh6sI?token=eyJhbGciOiJIUzI1NiJ9.eyJ1c2VyX2lkIjoibWVudG9yXzEiLCJuYW1lIjoiTWVudG9yIChUaG9tYXMpIiwiYWRtaW4iOnRydWUsImV4cCI6MTc2NzM2Njk2NX0._fB8Q-j4PJhH9dL1N3v53ljQGORA8RVlkNWY1VqWbfc?token=eyJhbGciOiJIUzI1NiJ9.eyJ1c2VyX2lkIjoibWVudG9yXzEiLCJuYW1lIjoiTWVudG9yIChUaG9tYXMpIiwiYWRtaW4iOnRydWUsImV4cCI6MTc2NzM2Njk3NX0.w2uvvpRds16ZFj6nJS6eFMFmoSwGylso-3YkOkhFwVQ?token=eyJhbGciOiJIUzI1NiJ9.eyJ1c2VyX2lkIjoibWVudG9yXzEiLCJuYW1lIjoiTWVudG9yIChUaG9tYXMpIiwiYWRtaW4iOnRydWUsImV4cCI6MTc2NzM2Njk3OH0.y8TvSgsgTB0C62lj0rui0aSi7oLYGip_jyKlNX9jGTI?token=eyJhbGciOiJIUzI1NiJ9.eyJ1c2VyX2lkIjoibWVudG9yXzEiLCJuYW1lIjoiTWVudG9yIChUaG9tYXMpIiwiYWRtaW4iOnRydWUsImV4cCI6MTc2NzM2Njk4MX0.mkaiwTI5X2T8bHKtnjSU2TOd1aD4ofK3JbakSGW8d8k?token=eyJhbGciOiJIUzI1NiJ9.eyJ1c2VyX2lkIjoiYWRtaW5fbG9jYWwiLCJuYW1lIjoiTG9rYWwtQWRtaW4iLCJhZG1pbiI6dHJ1ZSwiZXhwIjoxNzY3MzY2OTgzfQ.p6tf7h8MigcLkXb4xck7bLSOhAJIQgkEpJLdHMXPZ9c?token=eyJhbGciOiJIUzI1NiJ9.eyJ1c2VyX2lkIjoibWVudG9yXzEiLCJuYW1lIjoiTWVudG9yIChUaG9tYXMpIiwiYWRtaW4iOnRydWUsImV4cCI6MTc2NzM2Njk4NX0.0gVgy2QeJbJlLFn3Du4X4PIE7VXhNOUegkLC20guyg8?token=eyJhbGciOiJIUzI1NiJ9.eyJ1c2VyX2lkIjoibWVudG9yXzEiLCJuYW1lIjoiTWVudG9yIChUaG9tYXMpIiwiYWRtaW4iOnRydWUsImV4cCI6MTc2NzM2Njk4N30.hb0zdgB4lDxSFbm11-qrx60epiqHN9sfI8qoBJNGuic"}
Redirected to http://localhost:5201/#/de-DE/projects?token=eyJhbGciOiJIUzI1NiJ9.eyJ1c2VyX2lkIjoibWVudG9yXzEiLCJuYW1lIjoiTWVudG9yIChUaG9tYXMpIiwiYWRtaW4iOnRydWUsImV4cCI6MTc2NzM2Njk2MX0.hlFAiB6YamnPcFoEIIfY3FHSjsVnuFsnzqRQ_GEh6sI?token=eyJhbGciOiJIUzI1NiJ9.eyJ1c2VyX2lkIjoibWVudG9yXzEiLCJuYW1lIjoiTWVudG9yIChUaG9tYXMpIiwiYWRtaW4iOnRydWUsImV4cCI6MTc2NzM2Njk2NX0._fB8Q-j4PJhH9dL1N3v53ljQGORA8RVlkNWY1VqWbfc?token=eyJhbGciOiJIUzI1NiJ9.eyJ1c2VyX2lkIjoibWVudG9yXzEiLCJuYW1lIjoiTWVudG9yIChUaG9tYXMpIiwiYWRtaW4iOnRydWUsImV4cCI6MTc2NzM2Njk3NX0.w2uvvpRds16ZFj6nJS6eFMFmoSwGylso-3YkOkhFwVQ?token=eyJhbGciOiJIUzI1NiJ9.eyJ1c2VyX2lkIjoibWVudG9yXzEiLCJuYW1lIjoiTWVudG9yIChUaG9tYXMpIiwiYWRtaW4iOnRydWUsImV4cCI6MTc2NzM2Njk3OH0.y8TvSgsgTB0C62lj0rui0aSi7oLYGip_jyKlNX9jGTI?token=eyJhbGciOiJIUzI1NiJ9.eyJ1c2VyX2lkIjoibWVudG9yXzEiLCJuYW1lIjoiTWVudG9yIChUaG9tYXMpIiwiYWRtaW4iOnRydWUsImV4cCI6MTc2NzM2Njk4MX0.mkaiwTI5X2T8bHKtnjSU2TOd1aD4ofK3JbakSGW8d8k?token=eyJhbGciOiJIUzI1NiJ9.eyJ1c2VyX2lkIjoiYWRtaW5fbG9jYWwiLCJuYW1lIjoiTG9rYWwtQWRtaW4iLCJhZG1pbiI6dHJ1ZSwiZXhwIjoxNzY3MzY2OTgzfQ.p6tf7h8MigcLkXb4xck7bLSOhAJIQgkEpJLdHMXPZ9c?token=eyJhbGciOiJIUzI1NiJ9.eyJ1c2VyX2lkIjoibWVudG9yXzEiLCJuYW1lIjoiTWVudG9yIChUaG9tYXMpIiwiYWRtaW4iOnRydWUsImV4cCI6MTc2NzM2Njk4NX0.0gVgy2QeJbJlLFn3Du4X4PIE7VXhNOUegkLC20guyg8?token=eyJhbGciOiJIUzI1NiJ9.eyJ1c2VyX2lkIjoibWVudG9yXzEiLCJuYW1lIjoiTWVudG9yIChUaG9tYXMpIiwiYWRtaW4iOnRydWUsImV4cCI6MTc2NzM2Njk4N30.hb0zdgB4lDxSFbm11-qrx60epiqHN9sfI8qoBJNGuic?token=eyJhbGciOiJIUzI1NiJ9.eyJ1c2VyX2lkIjoiYWRtaW5fbG9jYWwiLCJuYW1lIjoiTG9rYWwtQWRtaW4iLCJhZG1pbiI6dHJ1ZSwiZXhwIjoxNzY3MzY2OTg5fQ.iMTPKggehEIQH3em2avPr80Stme58l4NJEyNUU155Y8
Completed 302 Found in 3ms (ActiveRecord: 0.0ms (0 queries, 0 cached) | GC: 0.0ms)


Started GET "/?return_to=http%3A%2F%2Flocalhost%3A5201%2F%23%2Fde-DE%2Fprojects%3Ftoken%3DeyJhbGciOiJIUzI1NiJ9.eyJ1c2VyX2lkIjoibWVudG9yXzEiLCJuYW1lIjoiTWVudG9yIChUaG9tYXMpIiwiYWRtaW4iOnRydWUsImV4cCI6MTc2NzM2Njk2MX0.hlFAiB6YamnPcFoEIIfY3FHSjsVnuFsnzqRQ_GEh6sI%3Ftoken%3DeyJhbGciOiJIUzI1NiJ9.eyJ1c2VyX2lkIjoibWVudG9yXzEiLCJuYW1lIjoiTWVudG9yIChUaG9tYXMpIiwiYWRtaW4iOnRydWUsImV4cCI6MTc2NzM2Njk2NX0._fB8Q-j4PJhH9dL1N3v53ljQGORA8RVlkNWY1VqWbfc%3Ftoken%3DeyJhbGciOiJIUzI1NiJ9.eyJ1c2VyX2lkIjoibWVudG9yXzEiLCJuYW1lIjoiTWVudG9yIChUaG9tYXMpIiwiYWRtaW4iOnRydWUsImV4cCI6MTc2NzM2Njk3NX0.w2uvvpRds16ZFj6nJS6eFMFmoSwGylso-3YkOkhFwVQ%3Ftoken%3DeyJhbGciOiJIUzI1NiJ9.eyJ1c2VyX2lkIjoibWVudG9yXzEiLCJuYW1lIjoiTWVudG9yIChUaG9tYXMpIiwiYWRtaW4iOnRydWUsImV4cCI6MTc2NzM2Njk3OH0.y8TvSgsgTB0C62lj0rui0aSi7oLYGip_jyKlNX9jGTI%3Ftoken%3DeyJhbGciOiJIUzI1NiJ9.eyJ1c2VyX2lkIjoibWVudG9yXzEiLCJuYW1lIjoiTWVudG9yIChUaG9tYXMpIiwiYWRtaW4iOnRydWUsImV4cCI6MTc2NzM2Njk4MX0.mkaiwTI5X2T8bHKtnjSU2TOd1aD4ofK3JbakSGW8d8k%3Ftoken%3DeyJhbGciOiJIUzI1NiJ9.eyJ1c2VyX2lkIjoiYWRtaW5fbG9jYWwiLCJuYW1lIjoiTG9rYWwtQWRtaW4iLCJhZG1pbiI6dHJ1ZSwiZXhwIjoxNzY3MzY2OTgzfQ.p6tf7h8MigcLkXb4xck7bLSOhAJIQgkEpJLdHMXPZ9c%3Ftoken%3DeyJhbGciOiJIUzI1NiJ9.eyJ1c2VyX2lkIjoibWVudG9yXzEiLCJuYW1lIjoiTWVudG9yIChUaG9tYXMpIiwiYWRtaW4iOnRydWUsImV4cCI6MTc2NzM2Njk4NX0.0gVgy2QeJbJlLFn3Du4X4PIE7VXhNOUegkLC20guyg8%3Ftoken%3DeyJhbGciOiJIUzI1NiJ9.eyJ1c2VyX2lkIjoibWVudG9yXzEiLCJuYW1lIjoiTWVudG9yIChUaG9tYXMpIiwiYWRtaW4iOnRydWUsImV4cCI6MTc2NzM2Njk4N30.hb0zdgB4lDxSFbm11-qrx60epiqHN9sfI8qoBJNGuic%3Ftoken%3DeyJhbGciOiJIUzI1NiJ9.eyJ1c2VyX2lkIjoiYWRtaW5fbG9jYWwiLCJuYW1lIjoiTG9rYWwtQWRtaW4iLCJhZG1pbiI6dHJ1ZSwiZXhwIjoxNzY3MzY2OTg5fQ.iMTPKggehEIQH3em2avPr80Stme58l4NJEyNUU155Y8" for 127.0.0.1 at 2026-01-01 16:16:31 +0100
Processing by SessionsController#index as HTML
  Parameters: {"return_to"=>"http://localhost:5201/#/de-DE/projects?token=eyJhbGciOiJIUzI1NiJ9.eyJ1c2VyX2lkIjoibWVudG9yXzEiLCJuYW1lIjoiTWVudG9yIChUaG9tYXMpIiwiYWRtaW4iOnRydWUsImV4cCI6MTc2NzM2Njk2MX0.hlFAiB6YamnPcFoEIIfY3FHSjsVnuFsnzqRQ_GEh6sI?token=eyJhbGciOiJIUzI1NiJ9.eyJ1c2VyX2lkIjoibWVudG9yXzEiLCJuYW1lIjoiTWVudG9yIChUaG9tYXMpIiwiYWRtaW4iOnRydWUsImV4cCI6MTc2NzM2Njk2NX0._fB8Q-j4PJhH9dL1N3v53ljQGORA8RVlkNWY1VqWbfc?token=eyJhbGciOiJIUzI1NiJ9.eyJ1c2VyX2lkIjoibWVudG9yXzEiLCJuYW1lIjoiTWVudG9yIChUaG9tYXMpIiwiYWRtaW4iOnRydWUsImV4cCI6MTc2NzM2Njk3NX0.w2uvvpRds16ZFj6nJS6eFMFmoSwGylso-3YkOkhFwVQ?token=eyJhbGciOiJIUzI1NiJ9.eyJ1c2VyX2lkIjoibWVudG9yXzEiLCJuYW1lIjoiTWVudG9yIChUaG9tYXMpIiwiYWRtaW4iOnRydWUsImV4cCI6MTc2NzM2Njk3OH0.y8TvSgsgTB0C62lj0rui0aSi7oLYGip_jyKlNX9jGTI?token=eyJhbGciOiJIUzI1NiJ9.eyJ1c2VyX2lkIjoibWVudG9yXzEiLCJuYW1lIjoiTWVudG9yIChUaG9tYXMpIiwiYWRtaW4iOnRydWUsImV4cCI6MTc2NzM2Njk4MX0.mkaiwTI5X2T8bHKtnjSU2TOd1aD4ofK3JbakSGW8d8k?token=eyJhbGciOiJIUzI1NiJ9.eyJ1c2VyX2lkIjoiYWRtaW5fbG9jYWwiLCJuYW1lIjoiTG9rYWwtQWRtaW4iLCJhZG1pbiI6dHJ1ZSwiZXhwIjoxNzY3MzY2OTgzfQ.p6tf7h8MigcLkXb4xck7bLSOhAJIQgkEpJLdHMXPZ9c?token=eyJhbGciOiJIUzI1NiJ9.eyJ1c2VyX2lkIjoibWVudG9yXzEiLCJuYW1lIjoiTWVudG9yIChUaG9tYXMpIiwiYWRtaW4iOnRydWUsImV4cCI6MTc2NzM2Njk4NX0.0gVgy2QeJbJlLFn3Du4X4PIE7VXhNOUegkLC20guyg8?token=eyJhbGciOiJIUzI1NiJ9.eyJ1c2VyX2lkIjoibWVudG9yXzEiLCJuYW1lIjoiTWVudG9yIChUaG9tYXMpIiwiYWRtaW4iOnRydWUsImV4cCI6MTc2NzM2Njk4N30.hb0zdgB4lDxSFbm11-qrx60epiqHN9sfI8qoBJNGuic?token=eyJhbGciOiJIUzI1NiJ9.eyJ1c2VyX2lkIjoiYWRtaW5fbG9jYWwiLCJuYW1lIjoiTG9rYWwtQWRtaW4iLCJhZG1pbiI6dHJ1ZSwiZXhwIjoxNzY3MzY2OTg5fQ.iMTPKggehEIQH3em2avPr80Stme58l4NJEyNUU155Y8"}
  Rendering Views::Sessions::IndexView
  Rendered Views::Sessions::IndexView (Duration: 1.2ms | GC: 0.0ms)
Completed 200 OK in 2ms (Views: 1.5ms | ActiveRecord: 0.0ms (0 queries, 0 cached) | GC: 0.0ms)


Started POST "/sessions/create" for 127.0.0.1 at 2026-01-01 16:16:32 +0100
Processing by SessionsController#create as HTML
  Parameters: {"authenticity_token"=>"[FILTERED]", "user_id"=>"mentor_1", "return_to"=>"http://localhost:5201/#/de-DE/projects?token=eyJhbGciOiJIUzI1NiJ9.eyJ1c2VyX2lkIjoibWVudG9yXzEiLCJuYW1lIjoiTWVudG9yIChUaG9tYXMpIiwiYWRtaW4iOnRydWUsImV4cCI6MTc2NzM2Njk2MX0.hlFAiB6YamnPcFoEIIfY3FHSjsVnuFsnzqRQ_GEh6sI?token=eyJhbGciOiJIUzI1NiJ9.eyJ1c2VyX2lkIjoibWVudG9yXzEiLCJuYW1lIjoiTWVudG9yIChUaG9tYXMpIiwiYWRtaW4iOnRydWUsImV4cCI6MTc2NzM2Njk2NX0._fB8Q-j4PJhH9dL1N3v53ljQGORA8RVlkNWY1VqWbfc?token=eyJhbGciOiJIUzI1NiJ9.eyJ1c2VyX2lkIjoibWVudG9yXzEiLCJuYW1lIjoiTWVudG9yIChUaG9tYXMpIiwiYWRtaW4iOnRydWUsImV4cCI6MTc2NzM2Njk3NX0.w2uvvpRds16ZFj6nJS6eFMFmoSwGylso-3YkOkhFwVQ?token=eyJhbGciOiJIUzI1NiJ9.eyJ1c2VyX2lkIjoibWVudG9yXzEiLCJuYW1lIjoiTWVudG9yIChUaG9tYXMpIiwiYWRtaW4iOnRydWUsImV4cCI6MTc2NzM2Njk3OH0.y8TvSgsgTB0C62lj0rui0aSi7oLYGip_jyKlNX9jGTI?token=eyJhbGciOiJIUzI1NiJ9.eyJ1c2VyX2lkIjoibWVudG9yXzEiLCJuYW1lIjoiTWVudG9yIChUaG9tYXMpIiwiYWRtaW4iOnRydWUsImV4cCI6MTc2NzM2Njk4MX0.mkaiwTI5X2T8bHKtnjSU2TOd1aD4ofK3JbakSGW8d8k?token=eyJhbGciOiJIUzI1NiJ9.eyJ1c2VyX2lkIjoiYWRtaW5fbG9jYWwiLCJuYW1lIjoiTG9rYWwtQWRtaW4iLCJhZG1pbiI6dHJ1ZSwiZXhwIjoxNzY3MzY2OTgzfQ.p6tf7h8MigcLkXb4xck7bLSOhAJIQgkEpJLdHMXPZ9c?token=eyJhbGciOiJIUzI1NiJ9.eyJ1c2VyX2lkIjoibWVudG9yXzEiLCJuYW1lIjoiTWVudG9yIChUaG9tYXMpIiwiYWRtaW4iOnRydWUsImV4cCI6MTc2NzM2Njk4NX0.0gVgy2QeJbJlLFn3Du4X4PIE7VXhNOUegkLC20guyg8?token=eyJhbGciOiJIUzI1NiJ9.eyJ1c2VyX2lkIjoibWVudG9yXzEiLCJuYW1lIjoiTWVudG9yIChUaG9tYXMpIiwiYWRtaW4iOnRydWUsImV4cCI6MTc2NzM2Njk4N30.hb0zdgB4lDxSFbm11-qrx60epiqHN9sfI8qoBJNGuic?token=eyJhbGciOiJIUzI1NiJ9.eyJ1c2VyX2lkIjoiYWRtaW5fbG9jYWwiLCJuYW1lIjoiTG9rYWwtQWRtaW4iLCJhZG1pbiI6dHJ1ZSwiZXhwIjoxNzY3MzY2OTg5fQ.iMTPKggehEIQH3em2avPr80Stme58l4NJEyNUU155Y8"}
Redirected to http://localhost:5201/#/de-DE/projects?token=eyJhbGciOiJIUzI1NiJ9.eyJ1c2VyX2lkIjoibWVudG9yXzEiLCJuYW1lIjoiTWVudG9yIChUaG9tYXMpIiwiYWRtaW4iOnRydWUsImV4cCI6MTc2NzM2Njk2MX0.hlFAiB6YamnPcFoEIIfY3FHSjsVnuFsnzqRQ_GEh6sI?token=eyJhbGciOiJIUzI1NiJ9.eyJ1c2VyX2lkIjoibWVudG9yXzEiLCJuYW1lIjoiTWVudG9yIChUaG9tYXMpIiwiYWRtaW4iOnRydWUsImV4cCI6MTc2NzM2Njk2NX0._fB8Q-j4PJhH9dL1N3v53ljQGORA8RVlkNWY1VqWbfc?token=eyJhbGciOiJIUzI1NiJ9.eyJ1c2VyX2lkIjoibWVudG9yXzEiLCJuYW1lIjoiTWVudG9yIChUaG9tYXMpIiwiYWRtaW4iOnRydWUsImV4cCI6MTc2NzM2Njk3NX0.w2uvvpRds16ZFj6nJS6eFMFmoSwGylso-3YkOkhFwVQ?token=eyJhbGciOiJIUzI1NiJ9.eyJ1c2VyX2lkIjoibWVudG9yXzEiLCJuYW1lIjoiTWVudG9yIChUaG9tYXMpIiwiYWRtaW4iOnRydWUsImV4cCI6MTc2NzM2Njk3OH0.y8TvSgsgTB0C62lj0rui0aSi7oLYGip_jyKlNX9jGTI?token=eyJhbGciOiJIUzI1NiJ9.eyJ1c2VyX2lkIjoibWVudG9yXzEiLCJuYW1lIjoiTWVudG9yIChUaG9tYXMpIiwiYWRtaW4iOnRydWUsImV4cCI6MTc2NzM2Njk4MX0.mkaiwTI5X2T8bHKtnjSU2TOd1aD4ofK3JbakSGW8d8k?token=eyJhbGciOiJIUzI1NiJ9.eyJ1c2VyX2lkIjoiYWRtaW5fbG9jYWwiLCJuYW1lIjoiTG9rYWwtQWRtaW4iLCJhZG1pbiI6dHJ1ZSwiZXhwIjoxNzY3MzY2OTgzfQ.p6tf7h8MigcLkXb4xck7bLSOhAJIQgkEpJLdHMXPZ9c?token=eyJhbGciOiJIUzI1NiJ9.eyJ1c2VyX2lkIjoibWVudG9yXzEiLCJuYW1lIjoiTWVudG9yIChUaG9tYXMpIiwiYWRtaW4iOnRydWUsImV4cCI6MTc2NzM2Njk4NX0.0gVgy2QeJbJlLFn3Du4X4PIE7VXhNOUegkLC20guyg8?token=eyJhbGciOiJIUzI1NiJ9.eyJ1c2VyX2lkIjoibWVudG9yXzEiLCJuYW1lIjoiTWVudG9yIChUaG9tYXMpIiwiYWRtaW4iOnRydWUsImV4cCI6MTc2NzM2Njk4N30.hb0zdgB4lDxSFbm11-qrx60epiqHN9sfI8qoBJNGuic?token=eyJhbGciOiJIUzI1NiJ9.eyJ1c2VyX2lkIjoiYWRtaW5fbG9jYWwiLCJuYW1lIjoiTG9rYWwtQWRtaW4iLCJhZG1pbiI6dHJ1ZSwiZXhwIjoxNzY3MzY2OTg5fQ.iMTPKggehEIQH3em2avPr80Stme58l4NJEyNUU155Y8?token=eyJhbGciOiJIUzI1NiJ9.eyJ1c2VyX2lkIjoibWVudG9yXzEiLCJuYW1lIjoiTWVudG9yIChUaG9tYXMpIiwiYWRtaW4iOnRydWUsImV4cCI6MTc2NzM2Njk5Mn0.RZwtiWEWaCR673i0Gr7gKTU6d2OL6iK1TYuVEC3O4V8
Completed 302 Found in 1ms (ActiveRecord: 0.0ms (0 queries, 0 cached) | GC: 0.0ms)


Started GET "/?return_to=http%3A%2F%2Flocalhost%3A5201%2F%23%2Fde-DE%2Fprojects%3Ftoken%3DeyJhbGciOiJIUzI1NiJ9.eyJ1c2VyX2lkIjoibWVudG9yXzEiLCJuYW1lIjoiTWVudG9yIChUaG9tYXMpIiwiYWRtaW4iOnRydWUsImV4cCI6MTc2NzM2Njk2MX0.hlFAiB6YamnPcFoEIIfY3FHSjsVnuFsnzqRQ_GEh6sI%3Ftoken%3DeyJhbGciOiJIUzI1NiJ9.eyJ1c2VyX2lkIjoibWVudG9yXzEiLCJuYW1lIjoiTWVudG9yIChUaG9tYXMpIiwiYWRtaW4iOnRydWUsImV4cCI6MTc2NzM2Njk2NX0._fB8Q-j4PJhH9dL1N3v53ljQGORA8RVlkNWY1VqWbfc%3Ftoken%3DeyJhbGciOiJIUzI1NiJ9.eyJ1c2VyX2lkIjoibWVudG9yXzEiLCJuYW1lIjoiTWVudG9yIChUaG9tYXMpIiwiYWRtaW4iOnRydWUsImV4cCI6MTc2NzM2Njk3NX0.w2uvvpRds16ZFj6nJS6eFMFmoSwGylso-3YkOkhFwVQ%3Ftoken%3DeyJhbGciOiJIUzI1NiJ9.eyJ1c2VyX2lkIjoibWVudG9yXzEiLCJuYW1lIjoiTWVudG9yIChUaG9tYXMpIiwiYWRtaW4iOnRydWUsImV4cCI6MTc2NzM2Njk3OH0.y8TvSgsgTB0C62lj0rui0aSi7oLYGip_jyKlNX9jGTI%3Ftoken%3DeyJhbGciOiJIUzI1NiJ9.eyJ1c2VyX2lkIjoibWVudG9yXzEiLCJuYW1lIjoiTWVudG9yIChUaG9tYXMpIiwiYWRtaW4iOnRydWUsImV4cCI6MTc2NzM2Njk4MX0.mkaiwTI5X2T8bHKtnjSU2TOd1aD4ofK3JbakSGW8d8k%3Ftoken%3DeyJhbGciOiJIUzI1NiJ9.eyJ1c2VyX2lkIjoiYWRtaW5fbG9jYWwiLCJuYW1lIjoiTG9rYWwtQWRtaW4iLCJhZG1pbiI6dHJ1ZSwiZXhwIjoxNzY3MzY2OTgzfQ.p6tf7h8MigcLkXb4xck7bLSOhAJIQgkEpJLdHMXPZ9c%3Ftoken%3DeyJhbGciOiJIUzI1NiJ9.eyJ1c2VyX2lkIjoibWVudG9yXzEiLCJuYW1lIjoiTWVudG9yIChUaG9tYXMpIiwiYWRtaW4iOnRydWUsImV4cCI6MTc2NzM2Njk4NX0.0gVgy2QeJbJlLFn3Du4X4PIE7VXhNOUegkLC20guyg8%3Ftoken%3DeyJhbGciOiJIUzI1NiJ9.eyJ1c2VyX2lkIjoibWVudG9yXzEiLCJuYW1lIjoiTWVudG9yIChUaG9tYXMpIiwiYWRtaW4iOnRydWUsImV4cCI6MTc2NzM2Njk4N30.hb0zdgB4lDxSFbm11-qrx60epiqHN9sfI8qoBJNGuic%3Ftoken%3DeyJhbGciOiJIUzI1NiJ9.eyJ1c2VyX2lkIjoiYWRtaW5fbG9jYWwiLCJuYW1lIjoiTG9rYWwtQWRtaW4iLCJhZG1pbiI6dHJ1ZSwiZXhwIjoxNzY3MzY2OTg5fQ.iMTPKggehEIQH3em2avPr80Stme58l4NJEyNUU155Y8%3Ftoken%3DeyJhbGciOiJIUzI1NiJ9.eyJ1c2VyX2lkIjoibWVudG9yXzEiLCJuYW1lIjoiTWVudG9yIChUaG9tYXMpIiwiYWRtaW4iOnRydWUsImV4cCI6MTc2NzM2Njk5Mn0.RZwtiWEWaCR673i0Gr7gKTU6d2OL6iK1TYuVEC3O4V8" for 127.0.0.1 at 2026-01-01 16:16:39 +0100
Processing by SessionsController#index as HTML
  Parameters: {"return_to"=>"http://localhost:5201/#/de-DE/projects?token=eyJhbGciOiJIUzI1NiJ9.eyJ1c2VyX2lkIjoibWVudG9yXzEiLCJuYW1lIjoiTWVudG9yIChUaG9tYXMpIiwiYWRtaW4iOnRydWUsImV4cCI6MTc2NzM2Njk2MX0.hlFAiB6YamnPcFoEIIfY3FHSjsVnuFsnzqRQ_GEh6sI?token=eyJhbGciOiJIUzI1NiJ9.eyJ1c2VyX2lkIjoibWVudG9yXzEiLCJuYW1lIjoiTWVudG9yIChUaG9tYXMpIiwiYWRtaW4iOnRydWUsImV4cCI6MTc2NzM2Njk2NX0._fB8Q-j4PJhH9dL1N3v53ljQGORA8RVlkNWY1VqWbfc?token=eyJhbGciOiJIUzI1NiJ9.eyJ1c2VyX2lkIjoibWVudG9yXzEiLCJuYW1lIjoiTWVudG9yIChUaG9tYXMpIiwiYWRtaW4iOnRydWUsImV4cCI6MTc2NzM2Njk3NX0.w2uvvpRds16ZFj6nJS6eFMFmoSwGylso-3YkOkhFwVQ?token=eyJhbGciOiJIUzI1NiJ9.eyJ1c2VyX2lkIjoibWVudG9yXzEiLCJuYW1lIjoiTWVudG9yIChUaG9tYXMpIiwiYWRtaW4iOnRydWUsImV4cCI6MTc2NzM2Njk3OH0.y8TvSgsgTB0C62lj0rui0aSi7oLYGip_jyKlNX9jGTI?token=eyJhbGciOiJIUzI1NiJ9.eyJ1c2VyX2lkIjoibWVudG9yXzEiLCJuYW1lIjoiTWVudG9yIChUaG9tYXMpIiwiYWRtaW4iOnRydWUsImV4cCI6MTc2NzM2Njk4MX0.mkaiwTI5X2T8bHKtnjSU2TOd1aD4ofK3JbakSGW8d8k?token=eyJhbGciOiJIUzI1NiJ9.eyJ1c2VyX2lkIjoiYWRtaW5fbG9jYWwiLCJuYW1lIjoiTG9rYWwtQWRtaW4iLCJhZG1pbiI6dHJ1ZSwiZXhwIjoxNzY3MzY2OTgzfQ.p6tf7h8MigcLkXb4xck7bLSOhAJIQgkEpJLdHMXPZ9c?token=eyJhbGciOiJIUzI1NiJ9.eyJ1c2VyX2lkIjoibWVudG9yXzEiLCJuYW1lIjoiTWVudG9yIChUaG9tYXMpIiwiYWRtaW4iOnRydWUsImV4cCI6MTc2NzM2Njk4NX0.0gVgy2QeJbJlLFn3Du4X4PIE7VXhNOUegkLC20guyg8?token=eyJhbGciOiJIUzI1NiJ9.eyJ1c2VyX2lkIjoibWVudG9yXzEiLCJuYW1lIjoiTWVudG9yIChUaG9tYXMpIiwiYWRtaW4iOnRydWUsImV4cCI6MTc2NzM2Njk4N30.hb0zdgB4lDxSFbm11-qrx60epiqHN9sfI8qoBJNGuic?token=eyJhbGciOiJIUzI1NiJ9.eyJ1c2VyX2lkIjoiYWRtaW5fbG9jYWwiLCJuYW1lIjoiTG9rYWwtQWRtaW4iLCJhZG1pbiI6dHJ1ZSwiZXhwIjoxNzY3MzY2OTg5fQ.iMTPKggehEIQH3em2avPr80Stme58l4NJEyNUU155Y8?token=eyJhbGciOiJIUzI1NiJ9.eyJ1c2VyX2lkIjoibWVudG9yXzEiLCJuYW1lIjoiTWVudG9yIChUaG9tYXMpIiwiYWRtaW4iOnRydWUsImV4cCI6MTc2NzM2Njk5Mn0.RZwtiWEWaCR673i0Gr7gKTU6d2OL6iK1TYuVEC3O4V8"}
  Rendering Views::Sessions::IndexView
  Rendered Views::Sessions::IndexView (Duration: 0.9ms | GC: 0.0ms)
Completed 200 OK in 1ms (Views: 1.1ms | ActiveRecord: 0.0ms (0 queries, 0 cached) | GC: 0.0ms)


Started POST "/sessions/create" for 127.0.0.1 at 2026-01-01 16:16:40 +0100
Processing by SessionsController#create as HTML
  Parameters: {"authenticity_token"=>"[FILTERED]", "user_id"=>"admin_local", "return_to"=>"http://localhost:5201/#/de-DE/projects?token=eyJhbGciOiJIUzI1NiJ9.eyJ1c2VyX2lkIjoibWVudG9yXzEiLCJuYW1lIjoiTWVudG9yIChUaG9tYXMpIiwiYWRtaW4iOnRydWUsImV4cCI6MTc2NzM2Njk2MX0.hlFAiB6YamnPcFoEIIfY3FHSjsVnuFsnzqRQ_GEh6sI?token=eyJhbGciOiJIUzI1NiJ9.eyJ1c2VyX2lkIjoibWVudG9yXzEiLCJuYW1lIjoiTWVudG9yIChUaG9tYXMpIiwiYWRtaW4iOnRydWUsImV4cCI6MTc2NzM2Njk2NX0._fB8Q-j4PJhH9dL1N3v53ljQGORA8RVlkNWY1VqWbfc?token=eyJhbGciOiJIUzI1NiJ9.eyJ1c2VyX2lkIjoibWVudG9yXzEiLCJuYW1lIjoiTWVudG9yIChUaG9tYXMpIiwiYWRtaW4iOnRydWUsImV4cCI6MTc2NzM2Njk3NX0.w2uvvpRds16ZFj6nJS6eFMFmoSwGylso-3YkOkhFwVQ?token=eyJhbGciOiJIUzI1NiJ9.eyJ1c2VyX2lkIjoibWVudG9yXzEiLCJuYW1lIjoiTWVudG9yIChUaG9tYXMpIiwiYWRtaW4iOnRydWUsImV4cCI6MTc2NzM2Njk3OH0.y8TvSgsgTB0C62lj0rui0aSi7oLYGip_jyKlNX9jGTI?token=eyJhbGciOiJIUzI1NiJ9.eyJ1c2VyX2lkIjoibWVudG9yXzEiLCJuYW1lIjoiTWVudG9yIChUaG9tYXMpIiwiYWRtaW4iOnRydWUsImV4cCI6MTc2NzM2Njk4MX0.mkaiwTI5X2T8bHKtnjSU2TOd1aD4ofK3JbakSGW8d8k?token=eyJhbGciOiJIUzI1NiJ9.eyJ1c2VyX2lkIjoiYWRtaW5fbG9jYWwiLCJuYW1lIjoiTG9rYWwtQWRtaW4iLCJhZG1pbiI6dHJ1ZSwiZXhwIjoxNzY3MzY2OTgzfQ.p6tf7h8MigcLkXb4xck7bLSOhAJIQgkEpJLdHMXPZ9c?token=eyJhbGciOiJIUzI1NiJ9.eyJ1c2VyX2lkIjoibWVudG9yXzEiLCJuYW1lIjoiTWVudG9yIChUaG9tYXMpIiwiYWRtaW4iOnRydWUsImV4cCI6MTc2NzM2Njk4NX0.0gVgy2QeJbJlLFn3Du4X4PIE7VXhNOUegkLC20guyg8?token=eyJhbGciOiJIUzI1NiJ9.eyJ1c2VyX2lkIjoibWVudG9yXzEiLCJuYW1lIjoiTWVudG9yIChUaG9tYXMpIiwiYWRtaW4iOnRydWUsImV4cCI6MTc2NzM2Njk4N30.hb0zdgB4lDxSFbm11-qrx60epiqHN9sfI8qoBJNGuic?token=eyJhbGciOiJIUzI1NiJ9.eyJ1c2VyX2lkIjoiYWRtaW5fbG9jYWwiLCJuYW1lIjoiTG9rYWwtQWRtaW4iLCJhZG1pbiI6dHJ1ZSwiZXhwIjoxNzY3MzY2OTg5fQ.iMTPKggehEIQH3em2avPr80Stme58l4NJEyNUU155Y8?token=eyJhbGciOiJIUzI1NiJ9.eyJ1c2VyX2lkIjoibWVudG9yXzEiLCJuYW1lIjoiTWVudG9yIChUaG9tYXMpIiwiYWRtaW4iOnRydWUsImV4cCI6MTc2NzM2Njk5Mn0.RZwtiWEWaCR673i0Gr7gKTU6d2OL6iK1TYuVEC3O4V8"}
Redirected to http://localhost:5201/#/de-DE/projects?token=eyJhbGciOiJIUzI1NiJ9.eyJ1c2VyX2lkIjoibWVudG9yXzEiLCJuYW1lIjoiTWVudG9yIChUaG9tYXMpIiwiYWRtaW4iOnRydWUsImV4cCI6MTc2NzM2Njk2MX0.hlFAiB6YamnPcFoEIIfY3FHSjsVnuFsnzqRQ_GEh6sI?token=eyJhbGciOiJIUzI1NiJ9.eyJ1c2VyX2lkIjoibWVudG9yXzEiLCJuYW1lIjoiTWVudG9yIChUaG9tYXMpIiwiYWRtaW4iOnRydWUsImV4cCI6MTc2NzM2Njk2NX0._fB8Q-j4PJhH9dL1N3v53ljQGORA8RVlkNWY1VqWbfc?token=eyJhbGciOiJIUzI1NiJ9.eyJ1c2VyX2lkIjoibWVudG9yXzEiLCJuYW1lIjoiTWVudG9yIChUaG9tYXMpIiwiYWRtaW4iOnRydWUsImV4cCI6MTc2NzM2Njk3NX0.w2uvvpRds16ZFj6nJS6eFMFmoSwGylso-3YkOkhFwVQ?token=eyJhbGciOiJIUzI1NiJ9.eyJ1c2VyX2lkIjoibWVudG9yXzEiLCJuYW1lIjoiTWVudG9yIChUaG9tYXMpIiwiYWRtaW4iOnRydWUsImV4cCI6MTc2NzM2Njk3OH0.y8TvSgsgTB0C62lj0rui0aSi7oLYGip_jyKlNX9jGTI?token=eyJhbGciOiJIUzI1NiJ9.eyJ1c2VyX2lkIjoibWVudG9yXzEiLCJuYW1lIjoiTWVudG9yIChUaG9tYXMpIiwiYWRtaW4iOnRydWUsImV4cCI6MTc2NzM2Njk4MX0.mkaiwTI5X2T8bHKtnjSU2TOd1aD4ofK3JbakSGW8d8k?token=eyJhbGciOiJIUzI1NiJ9.eyJ1c2VyX2lkIjoiYWRtaW5fbG9jYWwiLCJuYW1lIjoiTG9rYWwtQWRtaW4iLCJhZG1pbiI6dHJ1ZSwiZXhwIjoxNzY3MzY2OTgzfQ.p6tf7h8MigcLkXb4xck7bLSOhAJIQgkEpJLdHMXPZ9c?token=eyJhbGciOiJIUzI1NiJ9.eyJ1c2VyX2lkIjoibWVudG9yXzEiLCJuYW1lIjoiTWVudG9yIChUaG9tYXMpIiwiYWRtaW4iOnRydWUsImV4cCI6MTc2NzM2Njk4NX0.0gVgy2QeJbJlLFn3Du4X4PIE7VXhNOUegkLC20guyg8?token=eyJhbGciOiJIUzI1NiJ9.eyJ1c2VyX2lkIjoibWVudG9yXzEiLCJuYW1lIjoiTWVudG9yIChUaG9tYXMpIiwiYWRtaW4iOnRydWUsImV4cCI6MTc2NzM2Njk4N30.hb0zdgB4lDxSFbm11-qrx60epiqHN9sfI8qoBJNGuic?token=eyJhbGciOiJIUzI1NiJ9.eyJ1c2VyX2lkIjoiYWRtaW5fbG9jYWwiLCJuYW1lIjoiTG9rYWwtQWRtaW4iLCJhZG1pbiI6dHJ1ZSwiZXhwIjoxNzY3MzY2OTg5fQ.iMTPKggehEIQH3em2avPr80Stme58l4NJEyNUU155Y8?token=eyJhbGciOiJIUzI1NiJ9.eyJ1c2VyX2lkIjoibWVudG9yXzEiLCJuYW1lIjoiTWVudG9yIChUaG9tYXMpIiwiYWRtaW4iOnRydWUsImV4cCI6MTc2NzM2Njk5Mn0.RZwtiWEWaCR673i0Gr7gKTU6d2OL6iK1TYuVEC3O4V8?token=eyJhbGciOiJIUzI1NiJ9.eyJ1c2VyX2lkIjoiYWRtaW5fbG9jYWwiLCJuYW1lIjoiTG9rYWwtQWRtaW4iLCJhZG1pbiI6dHJ1ZSwiZXhwIjoxNzY3MzY3MDAwfQ.BqbnRwcMs4EKc7khmjMlUFdPtOZq3kiRWgix9k-w4Mc
Completed 302 Found in 1ms (ActiveRecord: 0.0ms (0 queries, 0 cached) | GC: 0.0ms)


Started GET "/?return_to=http%3A%2F%2Flocalhost%3A5201%2F%23%2Fde-DE%2Fpathways%2FRPL%3Ascratch-intro" for ::1 at 2026-01-01 16:20:15 +0100
Processing by SessionsController#index as HTML
  Parameters: {"return_to"=>"http://localhost:5201/#/de-DE/pathways/RPL:scratch-intro"}
  Rendering Views::Sessions::IndexView
  Rendered Views::Sessions::IndexView (Duration: 3.5ms | GC: 0.0ms)
Completed 200 OK in 9ms (Views: 4.7ms | ActiveRecord: 0.0ms (0 queries, 0 cached) | GC: 0.0ms)


Started GET "/favicon.ico" for ::1 at 2026-01-01 16:20:15 +0100
  
ActionController::RoutingError (No route matches [GET] "/favicon.ico"):
  
Started POST "/sessions/create" for ::1 at 2026-01-01 16:20:17 +0100
Processing by SessionsController#create as HTML
  Parameters: {"authenticity_token"=>"[FILTERED]", "user_id"=>"mentor_1", "return_to"=>"http://localhost:5201/#/de-DE/pathways/RPL:scratch-intro"}
Redirected to http://localhost:5201/#/de-DE/pathways/RPL:scratch-intro?token=eyJhbGciOiJIUzI1NiJ9.eyJ1c2VyX2lkIjoibWVudG9yXzEiLCJuYW1lIjoiTWVudG9yIChUaG9tYXMpIiwiYWRtaW4iOnRydWUsImV4cCI6MTc2NzM2NzIxN30.bswhJmdVhpC-ojCpNadG-ZGePKqSq7BXCJ63SLxKS6U
Completed 302 Found in 3ms (ActiveRecord: 0.0ms (0 queries, 0 cached) | GC: 0.0ms)


Started GET "/?return_to=http%3A%2F%2Flocalhost%3A5201%2F%23%2Fde-DE%2Fpathways%2FRPL%3Ascratch-intro" for ::1 at 2026-01-01 16:20:30 +0100
Processing by SessionsController#index as HTML
  Parameters: {"return_to"=>"http://localhost:5201/#/de-DE/pathways/RPL:scratch-intro"}
  Rendering Views::Sessions::IndexView
  Rendered Views::Sessions::IndexView (Duration: 1.4ms | GC: 0.0ms)
Completed 200 OK in 3ms (Views: 2.2ms | ActiveRecord: 0.0ms (0 queries, 0 cached) | GC: 0.0ms)


Started POST "/sessions/create" for ::1 at 2026-01-01 16:20:31 +0100
Processing by SessionsController#create as HTML
  Parameters: {"authenticity_token"=>"[FILTERED]", "user_id"=>"admin_local", "return_to"=>"http://localhost:5201/#/de-DE/pathways/RPL:scratch-intro"}
Redirected to http://localhost:5201/#/de-DE/pathways/RPL:scratch-intro?token=eyJhbGciOiJIUzI1NiJ9.eyJ1c2VyX2lkIjoiYWRtaW5fbG9jYWwiLCJuYW1lIjoiTG9rYWwtQWRtaW4iLCJhZG1pbiI6dHJ1ZSwiZXhwIjoxNzY3MzY3MjMxfQ.V5wzIU9NMn4NTj0TC8RRsBGZaQSdO-x0jGF9VAr2n5s
Completed 302 Found in 3ms (ActiveRecord: 0.0ms (0 queries, 0 cached) | GC: 0.0ms)


Started GET "/?return_to=http%3A%2F%2Flocalhost%3A5201%2F%23%2Fde-DE%2Fpathways%2FRPL%3Ascratch-intro" for ::1 at 2026-01-01 16:20:36 +0100
Processing by SessionsController#index as HTML
  Parameters: {"return_to"=>"http://localhost:5201/#/de-DE/pathways/RPL:scratch-intro"}
  Rendering Views::Sessions::IndexView
  Rendered Views::Sessions::IndexView (Duration: 5.8ms | GC: 0.0ms)
Completed 200 OK in 8ms (Views: 7.2ms | ActiveRecord: 0.0ms (0 queries, 0 cached) | GC: 0.0ms)


Started POST "/sessions/create" for ::1 at 2026-01-01 16:20:38 +0100
Processing by SessionsController#create as HTML
  Parameters: {"authenticity_token"=>"[FILTERED]", "user_id"=>"student_c", "return_to"=>"http://localhost:5201/#/de-DE/pathways/RPL:scratch-intro"}
Redirected to http://localhost:5201/#/de-DE/pathways/RPL:scratch-intro?token=eyJhbGciOiJIUzI1NiJ9.eyJ1c2VyX2lkIjoic3R1ZGVudF9jIiwibmFtZSI6IkNoYXJsaWUiLCJhZG1pbiI6ZmFsc2UsImV4cCI6MTc2NzM2NzIzOH0.Y7qSWI_mUvx07dD6CnT_Iz0E9MiokvdisQpQuqGSlwE
Completed 302 Found in 14ms (ActiveRecord: 0.0ms (0 queries, 0 cached) | GC: 0.0ms)


Started GET "/?return_to=http%3A%2F%2Flocalhost%3A5201%2F%23%2Fde-DE%2Fprojects" for 127.0.0.1 at 2026-01-01 16:21:35 +0100
Processing by SessionsController#index as HTML
  Parameters: {"return_to"=>"http://localhost:5201/#/de-DE/projects"}
  Rendering Views::Sessions::IndexView
  Rendered Views::Sessions::IndexView (Duration: 3.2ms | GC: 0.0ms)
Completed 200 OK in 5ms (Views: 3.9ms | ActiveRecord: 0.0ms (0 queries, 0 cached) | GC: 0.0ms)


Started POST "/sessions/create" for 127.0.0.1 at 2026-01-01 16:21:36 +0100
Processing by SessionsController#create as HTML
  Parameters: {"authenticity_token"=>"[FILTERED]", "user_id"=>"admin_local", "return_to"=>"http://localhost:5201/#/de-DE/projects"}
Redirected to http://localhost:5201/#/de-DE/projects?token=eyJhbGciOiJIUzI1NiJ9.eyJ1c2VyX2lkIjoiYWRtaW5fbG9jYWwiLCJuYW1lIjoiTG9rYWwtQWRtaW4iLCJhZG1pbiI6dHJ1ZSwiZXhwIjoxNzY3MzY3Mjk2fQ.frD1mPTXXMcYOBH-gzqMbKrruJQnyGKGKjit0InGAOI
Completed 302 Found in 1ms (ActiveRecord: 0.0ms (0 queries, 0 cached) | GC: 0.0ms)


Started GET "/?return_to=http%3A%2F%2Flocalhost%3A5201%2F%23%2Fde-DE%2Fprojects" for 127.0.0.1 at 2026-01-01 16:21:52 +0100
Processing by SessionsController#index as HTML
  Parameters: {"return_to"=>"http://localhost:5201/#/de-DE/projects"}
  Rendering Views::Sessions::IndexView
  Rendered Views::Sessions::IndexView (Duration: 1.1ms | GC: 0.0ms)
Completed 200 OK in 2ms (Views: 1.6ms | ActiveRecord: 0.0ms (0 queries, 0 cached) | GC: 0.0ms)


Started POST "/sessions/create" for 127.0.0.1 at 2026-01-01 16:21:52 +0100
Processing by SessionsController#create as HTML
  Parameters: {"authenticity_token"=>"[FILTERED]", "user_id"=>"mentor_1", "return_to"=>"http://localhost:5201/#/de-DE/projects"}
Redirected to http://localhost:5201/#/de-DE/projects?token=eyJhbGciOiJIUzI1NiJ9.eyJ1c2VyX2lkIjoibWVudG9yXzEiLCJuYW1lIjoiTWVudG9yIChUaG9tYXMpIiwiYWRtaW4iOnRydWUsImV4cCI6MTc2NzM2NzMxM30.Gr5hi84ui0jaBFxM0VWtcn0oyNGVW-xN0TCJAjZXB_8
Completed 302 Found in 1ms (ActiveRecord: 0.0ms (0 queries, 0 cached) | GC: 0.0ms)


Started GET "/?return_to=http%3A%2F%2Flocalhost%3A5201%2F%23%2Fde-DE%2Fprojects" for 127.0.0.1 at 2026-01-01 16:22:00 +0100
Processing by SessionsController#index as HTML
  Parameters: {"return_to"=>"http://localhost:5201/#/de-DE/projects"}
  Rendering Views::Sessions::IndexView
  Rendered Views::Sessions::IndexView (Duration: 1.7ms | GC: 0.0ms)
Completed 200 OK in 3ms (Views: 2.1ms | ActiveRecord: 0.0ms (0 queries, 0 cached) | GC: 0.0ms)


Started POST "/sessions/create" for 127.0.0.1 at 2026-01-01 16:22:02 +0100
Processing by SessionsController#create as HTML
  Parameters: {"authenticity_token"=>"[FILTERED]", "user_id"=>"mentor_1", "return_to"=>"http://localhost:5201/#/de-DE/projects"}
Redirected to http://localhost:5201/#/de-DE/projects?token=eyJhbGciOiJIUzI1NiJ9.eyJ1c2VyX2lkIjoibWVudG9yXzEiLCJuYW1lIjoiTWVudG9yIChUaG9tYXMpIiwiYWRtaW4iOnRydWUsImV4cCI6MTc2NzM2NzMyMn0.Z-2A4PE3uysmtg1jM-Isc5w-f44pCrjbnFHWotk-zTo
Completed 302 Found in 1ms (ActiveRecord: 0.0ms (0 queries, 0 cached) | GC: 0.0ms)


Started GET "/?return_to=http%3A%2F%2Flocalhost%3A5201%2F%23%2Fde-DE%2Fprojects" for ::1 at 2026-01-01 16:28:09 +0100
Processing by SessionsController#index as HTML
  Parameters: {"return_to"=>"http://localhost:5201/#/de-DE/projects"}
  Rendering Views::Sessions::IndexView
  Rendered Views::Sessions::IndexView (Duration: 6.0ms | GC: 0.6ms)
Completed 200 OK in 12ms (Views: 7.2ms | ActiveRecord: 0.0ms (0 queries, 0 cached) | GC: 0.6ms)


Started GET "/?return_to=http%3A%2F%2Flocalhost%3A5201%2F%23%2Fde-DE%2Fprojects" for ::1 at 2026-01-01 16:28:15 +0100
Processing by SessionsController#index as HTML
  Parameters: {"return_to"=>"http://localhost:5201/#/de-DE/projects"}
  Rendering Views::Sessions::IndexView
  Rendered Views::Sessions::IndexView (Duration: 0.8ms | GC: 0.0ms)
Completed 200 OK in 2ms (Views: 1.1ms | ActiveRecord: 0.0ms (0 queries, 0 cached) | GC: 0.0ms)


Started POST "/sessions/create" for ::1 at 2026-01-01 16:28:16 +0100
Processing by SessionsController#create as HTML
  Parameters: {"authenticity_token"=>"[FILTERED]", "user_id"=>"mentor_1", "return_to"=>"http://localhost:5201/#/de-DE/projects"}
Redirected to http://localhost:5201/#/de-DE/projects?token=eyJhbGciOiJIUzI1NiJ9.eyJ1c2VyX2lkIjoibWVudG9yXzEiLCJuYW1lIjoiTWVudG9yIChUaG9tYXMpIiwiYWRtaW4iOnRydWUsImV4cCI6MTc2NzM2NzY5Nn0.E_TvtGOBWRfzjeqBVxonets8A3v-uRJJzTpi-2idnV8
Completed 302 Found in 4ms (ActiveRecord: 0.0ms (0 queries, 0 cached) | GC: 0.1ms)


Started GET "/?return_to=http%3A%2F%2Flocalhost%3A5201%2F%23%2Fde-DE%2Fprojects" for ::1 at 2026-01-01 16:29:48 +0100
Processing by SessionsController#index as HTML
  Parameters: {"return_to"=>"http://localhost:5201/#/de-DE/projects"}
  Rendering Views::Sessions::IndexView
  Rendered Views::Sessions::IndexView (Duration: 2.0ms | GC: 0.0ms)
Completed 200 OK in 3ms (Views: 2.3ms | ActiveRecord: 0.0ms (0 queries, 0 cached) | GC: 0.0ms)


Started GET "/?return_to=http%3A%2F%2Flocalhost%3A5201%2F%23%2Fde-DE%2Fprojects" for ::1 at 2026-01-01 16:31:44 +0100
Processing by SessionsController#index as HTML
  Parameters: {"return_to"=>"http://localhost:5201/#/de-DE/projects"}
  Rendering Views::Sessions::IndexView
  Rendered Views::Sessions::IndexView (Duration: 3.4ms | GC: 0.0ms)
Completed 200 OK in 8ms (Views: 4.5ms | ActiveRecord: 0.0ms (0 queries, 0 cached) | GC: 0.2ms)


Started POST "/sessions/create" for ::1 at 2026-01-01 16:31:46 +0100
Processing by SessionsController#create as HTML
  Parameters: {"authenticity_token"=>"[FILTERED]", "user_id"=>"mentor_1", "return_to"=>"http://localhost:5201/#/de-DE/projects"}
Redirected to http://localhost:5201/#/de-DE/projects?token=eyJhbGciOiJIUzI1NiJ9.eyJ1c2VyX2lkIjoibWVudG9yXzEiLCJuYW1lIjoiTWVudG9yIChUaG9tYXMpIiwiYWRtaW4iOnRydWUsImV4cCI6MTc2NzM2NzkwNn0.Q2D9lDd0XOHou5GvgecE81DAvcBoi0M6V0Q2bQL15_4
Completed 302 Found in 5ms (ActiveRecord: 0.0ms (0 queries, 0 cached) | GC: 0.3ms)


Started GET "/?return_to=http%3A%2F%2Flocalhost%3A5201%2F%23%2Fde-DE%2Fprojects" for ::1 at 2026-01-01 16:31:47 +0100
Processing by SessionsController#index as HTML
  Parameters: {"return_to"=>"http://localhost:5201/#/de-DE/projects"}
  Rendering Views::Sessions::IndexView
  Rendered Views::Sessions::IndexView (Duration: 1.1ms | GC: 0.4ms)
Completed 200 OK in 2ms (Views: 1.5ms | ActiveRecord: 0.0ms (0 queries, 0 cached) | GC: 0.4ms)


Started POST "/sessions/create" for ::1 at 2026-01-01 16:31:49 +0100
Processing by SessionsController#create as HTML
  Parameters: {"authenticity_token"=>"[FILTERED]", "user_id"=>"mentor_1", "return_to"=>"http://localhost:5201/#/de-DE/projects"}
Redirected to http://localhost:5201/#/de-DE/projects?token=eyJhbGciOiJIUzI1NiJ9.eyJ1c2VyX2lkIjoibWVudG9yXzEiLCJuYW1lIjoiTWVudG9yIChUaG9tYXMpIiwiYWRtaW4iOnRydWUsImV4cCI6MTc2NzM2NzkwOX0.e5QcD5GJzeDTkvE3smkmifEYxV_2XGrPjgesOTzCfeY
Completed 302 Found in 1ms (ActiveRecord: 0.0ms (0 queries, 0 cached) | GC: 0.0ms)


Started GET "/?return_to=http%3A%2F%2Flocalhost%3A5201%2F%23%2Fde-DE%2Fprojects" for ::1 at 2026-01-01 16:31:52 +0100
Processing by SessionsController#index as HTML
  Parameters: {"return_to"=>"http://localhost:5201/#/de-DE/projects"}
  Rendering Views::Sessions::IndexView
  Rendered Views::Sessions::IndexView (Duration: 0.6ms | GC: 0.0ms)
Completed 200 OK in 2ms (Views: 1.2ms | ActiveRecord: 0.0ms (0 queries, 0 cached) | GC: 0.0ms)


Started GET "/?return_to=http%3A%2F%2Flocalhost%3A5201%2F%23%2Fde-DE%2Fprojects" for ::1 at 2026-01-01 16:32:42 +0100
Processing by SessionsController#index as HTML
  Parameters: {"return_to"=>"http://localhost:5201/#/de-DE/projects"}
  Rendering Views::Sessions::IndexView
  Rendered Views::Sessions::IndexView (Duration: 1.9ms | GC: 0.3ms)
Completed 200 OK in 5ms (Views: 3.2ms | ActiveRecord: 0.0ms (0 queries, 0 cached) | GC: 0.3ms)


Started GET "/?return_to=http%3A%2F%2Flocalhost%3A5201%2F%23%2Fde-DE%2Fprojects" for ::1 at 2026-01-01 16:32:46 +0100
Processing by SessionsController#index as HTML
  Parameters: {"return_to"=>"http://localhost:5201/#/de-DE/projects"}
  Rendering Views::Sessions::IndexView
  Rendered Views::Sessions::IndexView (Duration: 1.3ms | GC: 0.0ms)
Completed 200 OK in 7ms (Views: 6.2ms | ActiveRecord: 0.0ms (0 queries, 0 cached) | GC: 0.0ms)


Started GET "/?return_to=http%3A%2F%2Flocalhost%3A5201%2F%23%2Fde-DE%2Fprojects" for ::1 at 2026-01-01 16:33:10 +0100
Processing by SessionsController#index as HTML
  Parameters: {"return_to"=>"http://localhost:5201/#/de-DE/projects"}
  Rendering Views::Sessions::IndexView
  Rendered Views::Sessions::IndexView (Duration: 3.9ms | GC: 0.0ms)
Completed 200 OK in 5ms (Views: 4.2ms | ActiveRecord: 0.0ms (0 queries, 0 cached) | GC: 0.0ms)


Started POST "/sessions/create" for ::1 at 2026-01-01 16:33:20 +0100
Processing by SessionsController#create as HTML
  Parameters: {"authenticity_token"=>"[FILTERED]", "user_id"=>"admin_local", "return_to"=>"http://localhost:5201/#/de-DE/projects"}
Redirected to http://localhost:5201/#/de-DE/projects?token=eyJhbGciOiJIUzI1NiJ9.eyJ1c2VyX2lkIjoiYWRtaW5fbG9jYWwiLCJuYW1lIjoiTG9rYWwtQWRtaW4iLCJhZG1pbiI6dHJ1ZSwiZXhwIjoxNzY3MzY4MDAwfQ.Z7RvaOZeD41A0KslZY47q7yXWHC2lxn6pxmxWABsxqY
Completed 302 Found in 1ms (ActiveRecord: 0.0ms (0 queries, 0 cached) | GC: 0.0ms)


Started GET "/?return_to=http%3A%2F%2Flocalhost%3A5201%2F%23%2Fde-DE%2Fprojects" for ::1 at 2026-01-01 16:35:11 +0100
Processing by SessionsController#index as HTML
  Parameters: {"return_to"=>"http://localhost:5201/#/de-DE/projects"}
  Rendering Views::Sessions::IndexView
  Rendered Views::Sessions::IndexView (Duration: 6.3ms | GC: 0.0ms)
Completed 200 OK in 13ms (Views: 10.0ms | ActiveRecord: 0.0ms (0 queries, 0 cached) | GC: 0.0ms)


Started POST "/sessions/create" for ::1 at 2026-01-01 16:35:12 +0100
Processing by SessionsController#create as HTML
  Parameters: {"authenticity_token"=>"[FILTERED]", "user_id"=>"mentor_1", "return_to"=>"http://localhost:5201/#/de-DE/projects"}
Redirected to http://localhost:5201/#/de-DE/projects?token=eyJhbGciOiJIUzI1NiJ9.eyJ1c2VyX2lkIjoibWVudG9yXzEiLCJuYW1lIjoiTWVudG9yIChUaG9tYXMpIiwiYWRtaW4iOnRydWUsImF2YXRhciI6Ii9hdmF0YXJzL2FkbWluLnN2ZyIsImV4cCI6MTc2NzM2ODExMn0.3Ze2PngT1kKVi4-fd4rdy-cCZEUJq5wdXO7FsPflusc
Completed 302 Found in 5ms (ActiveRecord: 0.0ms (0 queries, 0 cached) | GC: 0.0ms)


Started GET "/?return_to=http%3A%2F%2Flocalhost%3A5201%2F%23%2Fde-DE%2Fprojects" for ::1 at 2026-01-01 16:35:13 +0100
Processing by SessionsController#index as HTML
  Parameters: {"return_to"=>"http://localhost:5201/#/de-DE/projects"}
  Rendering Views::Sessions::IndexView
  Rendered Views::Sessions::IndexView (Duration: 1.0ms | GC: 0.0ms)
Completed 200 OK in 5ms (Views: 4.1ms | ActiveRecord: 0.0ms (0 queries, 0 cached) | GC: 0.0ms)


Started POST "/sessions/create" for ::1 at 2026-01-01 16:35:14 +0100
Processing by SessionsController#create as HTML
  Parameters: {"authenticity_token"=>"[FILTERED]", "user_id"=>"admin_local", "return_to"=>"http://localhost:5201/#/de-DE/projects"}
Redirected to http://localhost:5201/#/de-DE/projects?token=eyJhbGciOiJIUzI1NiJ9.eyJ1c2VyX2lkIjoiYWRtaW5fbG9jYWwiLCJuYW1lIjoiTG9rYWwtQWRtaW4iLCJhZG1pbiI6dHJ1ZSwiYXZhdGFyIjoiL2F2YXRhcnMvYWRtaW5fbG9jYWwuc3ZnIiwiZXhwIjoxNzY3MzY4MTE0fQ.HWbVq99c1Q3ktseb5R_RI1WtytuI62UHb0w0Zknn3oQ
Completed 302 Found in 1ms (ActiveRecord: 0.0ms (0 queries, 0 cached) | GC: 0.0ms)


Started GET "/?return_to=http%3A%2F%2Flocalhost%3A5201%2F%23%2Fde-DE%2Fprojects" for ::1 at 2026-01-01 16:35:19 +0100
Processing by SessionsController#index as HTML
  Parameters: {"return_to"=>"http://localhost:5201/#/de-DE/projects"}
  Rendering Views::Sessions::IndexView
  Rendered Views::Sessions::IndexView (Duration: 4.0ms | GC: 0.0ms)
Completed 200 OK in 15ms (Views: 13.3ms | ActiveRecord: 0.0ms (0 queries, 0 cached) | GC: 0.0ms)


Started POST "/sessions/create" for ::1 at 2026-01-01 16:35:20 +0100
Processing by SessionsController#create as HTML
  Parameters: {"authenticity_token"=>"[FILTERED]", "user_id"=>"student_a", "return_to"=>"http://localhost:5201/#/de-DE/projects"}
Redirected to http://localhost:5201/#/de-DE/projects?token=eyJhbGciOiJIUzI1NiJ9.eyJ1c2VyX2lkIjoic3R1ZGVudF9hIiwibmFtZSI6IkFsaWNlIiwiYWRtaW4iOmZhbHNlLCJhdmF0YXIiOiIvYXZhdGFycy9zdHVkZW50LnN2ZyIsImV4cCI6MTc2NzM2ODEyMH0.amTUnly0a9cnfcrm5-KmGxbtJIhcHxmBPMEpJ5O2uo0
Completed 302 Found in 1ms (ActiveRecord: 0.0ms (0 queries, 0 cached) | GC: 0.0ms)


Started GET "/?return_to=http%3A%2F%2Flocalhost%3A5201%2F%23%2Fde-DE%2Fprojects" for ::1 at 2026-01-01 16:37:00 +0100
Processing by SessionsController#index as HTML
  Parameters: {"return_to"=>"http://localhost:5201/#/de-DE/projects"}
  Rendering Views::Sessions::IndexView
  Rendered Views::Sessions::IndexView (Duration: 1.3ms | GC: 0.6ms)
Completed 200 OK in 2ms (Views: 1.5ms | ActiveRecord: 0.0ms (0 queries, 0 cached) | GC: 0.6ms)


Started POST "/sessions/create" for ::1 at 2026-01-01 16:37:01 +0100
Processing by SessionsController#create as HTML
  Parameters: {"authenticity_token"=>"[FILTERED]", "user_id"=>"student_a", "return_to"=>"http://localhost:5201/#/de-DE/projects"}
Redirected to http://localhost:5201/#/de-DE/projects?token=eyJhbGciOiJIUzI1NiJ9.eyJ1c2VyX2lkIjoic3R1ZGVudF9hIiwibmFtZSI6IkFsaWNlIiwiYWRtaW4iOmZhbHNlLCJhdmF0YXIiOiIvYXZhdGFycy9zdHVkZW50LnN2ZyIsImV4cCI6MTc2NzM2ODIyMX0.4d-1oVnV9BMUQnQJnsAskJgA1VoevoNPFex3cZFaDe0
Completed 302 Found in 4ms (ActiveRecord: 0.0ms (0 queries, 0 cached) | GC: 0.0ms)


Started GET "/?return_to=http%3A%2F%2Flocalhost%3A5201%2F%23%2Fde-DE%2Fprojects" for ::1 at 2026-01-01 16:37:06 +0100
Processing by SessionsController#index as HTML
  Parameters: {"return_to"=>"http://localhost:5201/#/de-DE/projects"}
  Rendering Views::Sessions::IndexView
  Rendered Views::Sessions::IndexView (Duration: 0.9ms | GC: 0.0ms)
Completed 200 OK in 2ms (Views: 1.1ms | ActiveRecord: 0.0ms (0 queries, 0 cached) | GC: 0.0ms)


Started POST "/sessions/create" for ::1 at 2026-01-01 16:37:07 +0100
Processing by SessionsController#create as HTML
  Parameters: {"authenticity_token"=>"[FILTERED]", "user_id"=>"student_b", "return_to"=>"http://localhost:5201/#/de-DE/projects"}
Redirected to http://localhost:5201/#/de-DE/projects?token=eyJhbGciOiJIUzI1NiJ9.eyJ1c2VyX2lkIjoic3R1ZGVudF9iIiwibmFtZSI6IkJvYiIsImFkbWluIjpmYWxzZSwiYXZhdGFyIjoiL2F2YXRhcnMvc3R1ZGVudF9iLnN2ZyIsImV4cCI6MTc2NzM2ODIyN30.zj9xuLTXMrEnm2omBUE2MVT8zxWCFO28lOMlDeaZONA
Completed 302 Found in 2ms (ActiveRecord: 0.0ms (0 queries, 0 cached) | GC: 0.0ms)


Started GET "/?return_to=http%3A%2F%2Flocalhost%3A5201%2F%23%2Fde-DE%2Fprojects" for ::1 at 2026-01-01 16:37:09 +0100
Processing by SessionsController#index as HTML
  Parameters: {"return_to"=>"http://localhost:5201/#/de-DE/projects"}
  Rendering Views::Sessions::IndexView
  Rendered Views::Sessions::IndexView (Duration: 3.3ms | GC: 0.0ms)
Completed 200 OK in 4ms (Views: 3.5ms | ActiveRecord: 0.0ms (0 queries, 0 cached) | GC: 0.0ms)


Started POST "/sessions/create" for ::1 at 2026-01-01 16:37:10 +0100
Processing by SessionsController#create as HTML
  Parameters: {"authenticity_token"=>"[FILTERED]", "user_id"=>"student_c", "return_to"=>"http://localhost:5201/#/de-DE/projects"}
Redirected to http://localhost:5201/#/de-DE/projects?token=eyJhbGciOiJIUzI1NiJ9.eyJ1c2VyX2lkIjoic3R1ZGVudF9jIiwibmFtZSI6IkNoYXJsaWUiLCJhZG1pbiI6ZmFsc2UsImF2YXRhciI6Ii9hdmF0YXJzL3N0dWRlbnRfYy5zdmciLCJleHAiOjE3NjczNjgyMzB9.WJJkbeM7d3XqgTYvKvP7NZRJC4SrK4rVwQtyTuc0oyE
Completed 302 Found in 1ms (ActiveRecord: 0.0ms (0 queries, 0 cached) | GC: 0.2ms)


